#
# A fatal error has been detected by the Java Runtime Environment:
#
#  SIGSEGV (0xb) at pc=0x00007f0449eefa44, pid=19847, tid=139655974229760
#
# JRE version: OpenJDK Runtime Environment (8.0_45-b14) (build 1.8.0_45-internal-b14)
# Java VM: OpenJDK 64-Bit Server VM (25.45-b02 mixed mode linux-amd64 compressed oops)
# Problematic frame:
# C  [libc.so.6+0x94a44]
#
# Failed to write core dump. Core dumps have been disabled. To enable core dumping, try "ulimit -c unlimited" before starting Java again
#
# If you would like to submit a bug report, please visit:
#   http://bugreport.java.com/bugreport/crash.jsp
#

---------------  T H R E A D  ---------------

Current thread (0x00007f0444264800):  JavaThread "qtp1834188994-16" [_thread_in_vm, id=19868, stack(0x00007f0430ac1000,0x00007f0430bc2000)]

siginfo: si_signo: 11 (SIGSEGV), si_code: 1 (SEGV_MAPERR), si_addr: 0x0000000000000010

Registers:
RAX=0x0000000000000008, RBX=0x464a1000e0ffd8ff, RCX=0x0000000000000008, RDX=0x000000000000033c
RSP=0x00007f0430bc0350, RBP=0x0000000000000010, RSI=0x00000000e88aeec0, RDI=0x0000000000000000
R8 =0x00dbff0000010001, R9 =0x0000010100464946, R10=0x4600000000000000, R11=0x0000000000000038
R12=0x0000000000000010, R13=0x00000000e88aeec1, R14=0x00007f0444264800, R15=0x0000000000000010
RIP=0x00007f0449eefa44, EFLAGS=0x0000000000010206, CSGSFS=0x4968000000000033, ERR=0x0000000000000006
  TRAPNO=0x000000000000000e

Top of Stack: (sp=0x00007f0430bc0350)
0x00007f0430bc0350:   00000000000019d8 00007f0449eea024
0x00007f0430bc0360:   00007f0430bc03a0 00000000000019d8
0x00007f0430bc0370:   00007f0430bc03d0 00007f0430bc04c8
0x00007f0430bc0380:   0000000000000000 00007f04492f3881
0x00007f0430bc0390:   00007f0444264800 0000000000000031
0x00007f0430bc03a0:   00007f043384f520 00007f04331a58d8
0x00007f0430bc03b0:   0000000000000000 00007f04331a58d8
0x00007f0430bc03c0:   00007f0430bc04d0 00007f0444264800
0x00007f0430bc03d0:   00007f0430bc0470 00007f0433d784d4
0x00007f0430bc03e0:   00000000000019d8 00007f0430bc0490
0x00007f0430bc03f0:   000000010000d8e0 000000010000d8e0
0x00007f0430bc0400:   00007f04331a58d8 00007f0444264800
0x00007f0430bc0410:   00007f04331a58d8 00007f0444264800
0x00007f0430bc0420:   fffffffe00000000 0000000000000000
0x00007f0430bc0430:   00007f0430bc0430 0000000000000000
0x00007f0430bc0440:   00007f0430bc04d0 00007f04331d20f8
0x00007f0430bc0450:   0000000000000000 00007f04331a58d8
0x00007f0430bc0460:   0000000000000000 00007f0430bc0490
0x00007f0430bc0470:   00007f0430bc0518 00007f0433d6c98d
0x00007f0430bc0480:   0000000000000000 00007f0433d742b8
0x00007f0430bc0490:   00000000000019d8 00007f0448f11733
0x00007f0430bc04a0:   0000000000000010 0000000000000010
0x00007f0430bc04b0:   0000000000000000 0000000000000031
0x00007f0430bc04c0:   00000000e8941e58 00000000e88aee90
0x00007f0430bc04d0:   00000000f0624310 00007f0430bc04d8
0x00007f0430bc04e0:   00007f043384f510 00007f0430bc0548
0x00007f0430bc04f0:   00007f04338509f8 0000000000000000
0x00007f0430bc0500:   00007f043384f520 00007f0430bc0490
0x00007f0430bc0510:   00007f0430bc0528 00007f0430bc0590
0x00007f0430bc0520:   00007f0433d6c98d 00000000000019d8
0x00007f0430bc0530:   0000000000000000 0000000000000000
0x00007f0430bc0540:   0000000000000019 00000000e8941e58 

Instructions: (pc=0x00007f0449eefa44)
0x00007f0449eefa24:   8b 4e 08 48 83 c2 01 48 83 ef 10 44 89 d9 4d 89
0x00007f0449eefa34:   ca 4c 8b 46 10 49 d3 e2 89 c1 48 d3 eb 4c 09 d3
0x00007f0449eefa44:   48 89 5f 10 44 89 d9 4c 89 c3 4c 8b 56 18 48 d3
0x00007f0449eefa54:   e3 89 c1 48 83 c7 20 49 d3 e9 49 09 d9 4c 89 4f 

Register to memory mapping:

RAX=0x0000000000000008 is an unknown value
RBX=0x464a1000e0ffd8ff is an unknown value
RCX=0x0000000000000008 is an unknown value
RDX=0x000000000000033c is an unknown value
RSP=0x00007f0430bc0350 is pointing into the stack for thread: 0x00007f0444264800
RBP=0x0000000000000010 is an unknown value
RSI=
[error occurred during error reporting (printing register info), id 0xb]

Stack: [0x00007f0430ac1000,0x00007f0430bc2000],  sp=0x00007f0430bc0350,  free space=1020k
Native frames: (J=compiled Java code, j=interpreted, Vv=VM code, C=native code)
C  [libc.so.6+0x94a44]

Java frames: (J=compiled Java code, j=interpreted, Vv=VM code)
j  sun.misc.Unsafe.copyMemory(Ljava/lang/Object;JLjava/lang/Object;JJ)V+0
j  org.msgpack.core.buffer.MessageBuffer.getBytes(I[BII)V+24
j  org.msgpack.core.MessageUnpacker.readPayload([BII)V+60
j  StagAppServer.WsHandler$ChatWebSocket.unpackMe(Lorg/msgpack/core/MessageUnpacker;)LStagAppServer/StagData;+352
j  StagAppServer.WsHandler$ChatWebSocket.onMessage([BII)V+27
j  org.eclipse.jetty.websocket.WebSocketConnectionRFC6455$WSFrameHandler.onFrame(BBLorg/eclipse/jetty/io/Buffer;)V+1259
j  org.eclipse.jetty.websocket.WebSocketParserRFC6455.parseNext()I+1551
j  org.eclipse.jetty.websocket.WebSocketConnectionRFC6455.handle()Lorg/eclipse/jetty/io/Connection;+36
j  org.eclipse.jetty.io.nio.SelectChannelEndPoint.handle()V+10
j  org.eclipse.jetty.io.nio.SelectChannelEndPoint$1.run()V+4
j  org.eclipse.jetty.util.thread.QueuedThreadPool.runJob(Ljava/lang/Runnable;)V+1
j  org.eclipse.jetty.util.thread.QueuedThreadPool$3.run()V+47
j  java.lang.Thread.run()V+11
v  ~StubRoutines::call_stub

---------------  P R O C E S S  ---------------

Java Threads: ( => current thread )
  0x00007f044400b000 JavaThread "DestroyJavaVM" [_thread_blocked, id=19849, stack(0x00007f044a536000,0x00007f044a637000)]
=>0x00007f0444264800 JavaThread "qtp1834188994-16" [_thread_in_vm, id=19868, stack(0x00007f0430ac1000,0x00007f0430bc2000)]
  0x00007f0444262800 JavaThread "qtp1834188994-15" [_thread_blocked, id=19867, stack(0x00007f0430bc2000,0x00007f0430cc3000)]
  0x00007f0444261000 JavaThread "qtp1834188994-14" [_thread_blocked, id=19866, stack(0x00007f0430cc3000,0x00007f0430dc4000)]
  0x00007f044425f000 JavaThread "qtp1834188994-13" [_thread_blocked, id=19865, stack(0x00007f0430dc4000,0x00007f0430ec5000)]
  0x00007f044425d800 JavaThread "qtp1834188994-12" [_thread_blocked, id=19864, stack(0x00007f0430ec5000,0x00007f0430fc6000)]
  0x00007f044425b800 JavaThread "qtp1834188994-11" [_thread_blocked, id=19863, stack(0x00007f0430fc6000,0x00007f04310c7000)]
  0x00007f044425a000 JavaThread "qtp1834188994-10 Acceptor0 SelectChannelConnector@0.0.0.0:8087" [_thread_in_native, id=19862, stack(0x00007f04310c7000,0x00007f04311c8000)]
  0x00007f0444258800 JavaThread "qtp1834188994-9 Selector0" [_thread_in_native, id=19861, stack(0x00007f04311c8000,0x00007f04312c9000)]
  0x00007f04441c0800 JavaThread "Service Thread" daemon [_thread_blocked, id=19859, stack(0x00007f04313ca000,0x00007f04314cb000)]
  0x00007f04441bb800 JavaThread "C1 CompilerThread1" daemon [_thread_blocked, id=19858, stack(0x00007f04314cb000,0x00007f04315cc000)]
  0x00007f04441ae000 JavaThread "C2 CompilerThread0" daemon [_thread_blocked, id=19857, stack(0x00007f04315cc000,0x00007f04316cd000)]
  0x00007f04440c8000 JavaThread "Signal Dispatcher" daemon [_thread_blocked, id=19856, stack(0x00007f043227f000,0x00007f0432380000)]
  0x00007f044409d000 JavaThread "Finalizer" daemon [_thread_blocked, id=19855, stack(0x00007f0432b94000,0x00007f0432c95000)]
  0x00007f044409b000 JavaThread "Reference Handler" daemon [_thread_blocked, id=19854, stack(0x00007f0432c95000,0x00007f0432d96000)]

Other Threads:
  0x00007f0444096000 VMThread [stack: 0x00007f0432d96000,0x00007f0432e97000] [id=19853]
  0x00007f04441c3000 WatcherThread [stack: 0x00007f04312c9000,0x00007f04313ca000] [id=19860]

VM state:not at safepoint (normal execution)

VM Mutex/Monitor currently owned by a thread: None

Heap:
 def new generation   total 7424K, used 2333K [0x00000000e8800000, 0x00000000e9000000, 0x00000000f0550000)
  eden space 6656K,  23% used [0x00000000e8800000, 0x00000000e8987590, 0x00000000e8e80000)
  from space 768K, 100% used [0x00000000e8e80000, 0x00000000e8f40000, 0x00000000e8f40000)
  to   space 768K,   0% used [0x00000000e8f40000, 0x00000000e8f40000, 0x00000000e9000000)
 tenured generation   total 16384K, used 1777K [0x00000000f0550000, 0x00000000f1550000, 0x0000000100000000)
   the space 16384K,  10% used [0x00000000f0550000, 0x00000000f070c528, 0x00000000f070c600, 0x00000000f1550000)
 Metaspace       used 8209K, capacity 8364K, committed 8448K, reserved 1056768K
  class space    used 890K, capacity 956K, committed 1024K, reserved 1048576K

Card table byte_map: [0x00007f044a479000,0x00007f044a536000] byte_map_base: 0x00007f0449d35000

Polling page: 0x00007f044a654000

CodeCache: size=245760Kb used=2314Kb max_used=2314Kb free=243445Kb
 bounds [0x00007f0433d65000, 0x00007f0433fd5000, 0x00007f0442d65000]
 total_blobs=890 nmethods=563 adapters=243
 compilation: enabled

Compilation events (10 events):
Event: 20,877 Thread 0x00007f04441bb800 nmethod 558 0x00007f0433fa5f10 code [0x00007f0433fa6060, 0x00007f0433fa6190]
Event: 20,878 Thread 0x00007f04441bb800  559       3       java.nio.channels.spi.AbstractInterruptibleChannel::blockedOn (13 bytes)
Event: 20,878 Thread 0x00007f04441bb800 nmethod 559 0x00007f0433fa6210 code [0x00007f0433fa63a0, 0x00007f0433fa6890]
Event: 20,878 Thread 0x00007f04441bb800  560       3       java.lang.System$2::blockedOn (6 bytes)
Event: 20,878 Thread 0x00007f04441bb800 nmethod 560 0x00007f0433fa6a90 code [0x00007f0433fa6c00, 0x00007f0433fa6ff0]
Event: 22,478 Thread 0x00007f04441bb800  561       3       java.nio.Buffer::position (43 bytes)
Event: 22,479 Thread 0x00007f04441bb800 nmethod 561 0x00007f0433fa7150 code [0x00007f0433fa72c0, 0x00007f0433fa7588]
Event: 22,480 Thread 0x00007f04441bb800  562       3       java.nio.ByteBuffer::arrayOffset (35 bytes)
Event: 22,480 Thread 0x00007f04441bb800 nmethod 562 0x00007f0433fa7650 code [0x00007f0433fa77e0, 0x00007f0433fa7af8]
Event: 22,480 Thread 0x00007f04441bb800  563       3       java.nio.CharBuffer::arrayOffset (35 bytes)

GC Heap History (4 events):
Event: 0,627 GC heap before
{Heap before GC invocations=0 (full 0):
 def new generation   total 7424K, used 6656K [0x00000000e8800000, 0x00000000e9000000, 0x00000000f0550000)
  eden space 6656K, 100% used [0x00000000e8800000, 0x00000000e8e80000, 0x00000000e8e80000)
  from space 768K,   0% used [0x00000000e8e80000, 0x00000000e8e80000, 0x00000000e8f40000)
  to   space 768K,   0% used [0x00000000e8f40000, 0x00000000e8f40000, 0x00000000e9000000)
 tenured generation   total 16384K, used 0K [0x00000000f0550000, 0x00000000f1550000, 0x0000000100000000)
   the space 16384K,   0% used [0x00000000f0550000, 0x00000000f0550000, 0x00000000f0550200, 0x00000000f1550000)
 Metaspace       used 5528K, capacity 5592K, committed 5760K, reserved 1056768K
  class space    used 586K, capacity 628K, committed 640K, reserved 1048576K
Event: 0,631 GC heap after
Heap after GC invocations=1 (full 0):
 def new generation   total 7424K, used 768K [0x00000000e8800000, 0x00000000e9000000, 0x00000000f0550000)
  eden space 6656K,   0% used [0x00000000e8800000, 0x00000000e8800000, 0x00000000e8e80000)
  from space 768K, 100% used [0x00000000e8f40000, 0x00000000e9000000, 0x00000000e9000000)
  to   space 768K,   0% used [0x00000000e8e80000, 0x00000000e8e80000, 0x00000000e8f40000)
 tenured generation   total 16384K, used 705K [0x00000000f0550000, 0x00000000f1550000, 0x0000000100000000)
   the space 16384K,   4% used [0x00000000f0550000, 0x00000000f06005b8, 0x00000000f0600600, 0x00000000f1550000)
 Metaspace       used 5528K, capacity 5592K, committed 5760K, reserved 1056768K
  class space    used 586K, capacity 628K, committed 640K, reserved 1048576K
}
Event: 8,811 GC heap before
{Heap before GC invocations=1 (full 0):
 def new generation   total 7424K, used 7423K [0x00000000e8800000, 0x00000000e9000000, 0x00000000f0550000)
  eden space 6656K,  99% used [0x00000000e8800000, 0x00000000e8e7fee8, 0x00000000e8e80000)
  from space 768K, 100% used [0x00000000e8f40000, 0x00000000e9000000, 0x00000000e9000000)
  to   space 768K,   0% used [0x00000000e8e80000, 0x00000000e8e80000, 0x00000000e8f40000)
 tenured generation   total 16384K, used 705K [0x00000000f0550000, 0x00000000f1550000, 0x0000000100000000)
   the space 16384K,   4% used [0x00000000f0550000, 0x00000000f06005b8, 0x00000000f0600600, 0x00000000f1550000)
 Metaspace       used 7946K, capacity 8140K, committed 8448K, reserved 1056768K
  class space    used 861K, capacity 924K, committed 1024K, reserved 1048576K
Event: 8,817 GC heap after
Heap after GC invocations=2 (full 0):
 def new generation   total 7424K, used 768K [0x00000000e8800000, 0x00000000e9000000, 0x00000000f0550000)
  eden space 6656K,   0% used [0x00000000e8800000, 0x00000000e8800000, 0x00000000e8e80000)
  from space 768K, 100% used [0x00000000e8e80000, 0x00000000e8f40000, 0x00000000e8f40000)
  to   space 768K,   0% used [0x00000000e8f40000, 0x00000000e8f40000, 0x00000000e9000000)
 tenured generation   total 16384K, used 1777K [0x00000000f0550000, 0x00000000f1550000, 0x0000000100000000)
   the space 16384K,  10% used [0x00000000f0550000, 0x00000000f070c528, 0x00000000f070c600, 0x00000000f1550000)
 Metaspace       used 7946K, capacity 8140K, committed 8448K, reserved 1056768K
  class space    used 861K, capacity 924K, committed 1024K, reserved 1048576K
}

Deoptimization events (0 events):
No events

Internal exceptions (10 events):
Event: 0,146 Thread 0x00007f044400b000 Exception <a 'java/security/PrivilegedActionException'> (0x00000000e88c1bd8) thrown at [/build/buildd/openjdk-8-8u45-b14/src/hotspot/src/share/vm/prims/jvm.cpp, line 1382]
Event: 0,496 Thread 0x00007f044400b000 Exception <a 'java/security/PrivilegedActionException'> (0x00000000e8c456d0) thrown at [/build/buildd/openjdk-8-8u45-b14/src/hotspot/src/share/vm/prims/jvm.cpp, line 1382]
Event: 0,496 Thread 0x00007f044400b000 Exception <a 'java/security/PrivilegedActionException'> (0x00000000e8c45888) thrown at [/build/buildd/openjdk-8-8u45-b14/src/hotspot/src/share/vm/prims/jvm.cpp, line 1382]
Event: 0,496 Thread 0x00007f044400b000 Exception <a 'java/security/PrivilegedActionException'> (0x00000000e8c47840) thrown at [/build/buildd/openjdk-8-8u45-b14/src/hotspot/src/share/vm/prims/jvm.cpp, line 1382]
Event: 0,496 Thread 0x00007f044400b000 Exception <a 'java/security/PrivilegedActionException'> (0x00000000e8c479f8) thrown at [/build/buildd/openjdk-8-8u45-b14/src/hotspot/src/share/vm/prims/jvm.cpp, line 1382]
Event: 0,496 Thread 0x00007f044400b000 Exception <a 'java/security/PrivilegedActionException'> (0x00000000e8c48418) thrown at [/build/buildd/openjdk-8-8u45-b14/src/hotspot/src/share/vm/prims/jvm.cpp, line 1382]
Event: 0,496 Thread 0x00007f044400b000 Exception <a 'java/security/PrivilegedActionException'> (0x00000000e8c485d0) thrown at [/build/buildd/openjdk-8-8u45-b14/src/hotspot/src/share/vm/prims/jvm.cpp, line 1382]
Event: 0,500 Thread 0x00007f044400b000 Exception <a 'java/lang/NoClassDefFoundError': org/slf4j/Logger> (0x00000000e8c5eb68) thrown at [/build/buildd/openjdk-8-8u45-b14/src/hotspot/src/share/vm/classfile/systemDictionary.cpp, line 199]
Event: 8,683 Thread 0x00007f044425a000 Exception <a 'java/lang/NoSuchFieldError': method resolution failed> (0x00000000e8b2d180) thrown at [/build/buildd/openjdk-8-8u45-b14/src/hotspot/src/share/vm/prims/methodHandles.cpp, line 1125]
Event: 8,689 Thread 0x00007f044425a000 Exception <a 'java/lang/NoSuchFieldError': method resolution failed> (0x00000000e8b3c618) thrown at [/build/buildd/openjdk-8-8u45-b14/src/hotspot/src/share/vm/prims/methodHandles.cpp, line 1125]

Events (10 events):
Event: 20,350 Executing VM operation: RevokeBias
Event: 20,350 Executing VM operation: RevokeBias done
Event: 20,351 Executing VM operation: RevokeBias
Event: 20,351 Executing VM operation: RevokeBias done
Event: 20,402 Executing VM operation: RevokeBias
Event: 20,402 Executing VM operation: RevokeBias done
Event: 20,402 Executing VM operation: RevokeBias
Event: 20,402 Executing VM operation: RevokeBias done
Event: 22,479 Executing VM operation: RevokeBias
Event: 22,479 Executing VM operation: RevokeBias done


Dynamic libraries:
00400000-00401000 r-xp 00000000 08:01 317377                             /usr/lib/jvm/java-8-openjdk-amd64/jre/bin/java
00600000-00601000 r--p 00000000 08:01 317377                             /usr/lib/jvm/java-8-openjdk-amd64/jre/bin/java
00601000-00602000 rw-p 00001000 08:01 317377                             /usr/lib/jvm/java-8-openjdk-amd64/jre/bin/java
009c4000-009e5000 rw-p 00000000 00:00 0                                  [heap]
e8800000-e9000000 rw-p 00000000 00:00 0 
e9000000-f0550000 ---p 00000000 00:00 0 
f0550000-f1550000 rw-p 00000000 00:00 0 
f1550000-100000000 ---p 00000000 00:00 0 
100000000-100100000 rw-p 00000000 00:00 0 
100100000-140000000 ---p 00000000 00:00 0 
7f03f4000000-7f03f403f000 rw-p 00000000 00:00 0 
7f03f403f000-7f03f8000000 ---p 00000000 00:00 0 
7f03fc000000-7f03fc021000 rw-p 00000000 00:00 0 
7f03fc021000-7f0400000000 ---p 00000000 00:00 0 
7f0400000000-7f0400021000 rw-p 00000000 00:00 0 
7f0400021000-7f0404000000 ---p 00000000 00:00 0 
7f0404000000-7f040408e000 rw-p 00000000 00:00 0 
7f040408e000-7f0408000000 ---p 00000000 00:00 0 
7f0408000000-7f0408021000 rw-p 00000000 00:00 0 
7f0408021000-7f040c000000 ---p 00000000 00:00 0 
7f040c000000-7f040c021000 rw-p 00000000 00:00 0 
7f040c021000-7f0410000000 ---p 00000000 00:00 0 
7f0410000000-7f04102b0000 rw-p 00000000 00:00 0 
7f04102b0000-7f0414000000 ---p 00000000 00:00 0 
7f0414000000-7f0414261000 rw-p 00000000 00:00 0 
7f0414261000-7f0418000000 ---p 00000000 00:00 0 
7f0418000000-7f0418021000 rw-p 00000000 00:00 0 
7f0418021000-7f041c000000 ---p 00000000 00:00 0 
7f041c000000-7f041c021000 rw-p 00000000 00:00 0 
7f041c021000-7f0420000000 ---p 00000000 00:00 0 
7f0420000000-7f042018e000 rw-p 00000000 00:00 0 
7f042018e000-7f0424000000 ---p 00000000 00:00 0 
7f0424000000-7f0424021000 rw-p 00000000 00:00 0 
7f0424021000-7f0428000000 ---p 00000000 00:00 0 
7f0428000000-7f0428021000 rw-p 00000000 00:00 0 
7f0428021000-7f042c000000 ---p 00000000 00:00 0 
7f042c000000-7f042c021000 rw-p 00000000 00:00 0 
7f042c021000-7f0430000000 ---p 00000000 00:00 0 
7f0430396000-7f04303a7000 r-xp 00000000 08:01 317327                     /usr/lib/jvm/java-8-openjdk-amd64/jre/lib/amd64/libnio.so
7f04303a7000-7f04305a6000 ---p 00011000 08:01 317327                     /usr/lib/jvm/java-8-openjdk-amd64/jre/lib/amd64/libnio.so
7f04305a6000-7f04305a7000 r--p 00010000 08:01 317327                     /usr/lib/jvm/java-8-openjdk-amd64/jre/lib/amd64/libnio.so
7f04305a7000-7f04305a8000 rw-p 00011000 08:01 317327                     /usr/lib/jvm/java-8-openjdk-amd64/jre/lib/amd64/libnio.so
7f04305a8000-7f04308a9000 rw-p 00000000 00:00 0 
7f04308a9000-7f04308c0000 r-xp 00000000 08:01 317309                     /usr/lib/jvm/java-8-openjdk-amd64/jre/lib/amd64/libnet.so
7f04308c0000-7f0430abf000 ---p 00017000 08:01 317309                     /usr/lib/jvm/java-8-openjdk-amd64/jre/lib/amd64/libnet.so
7f0430abf000-7f0430ac0000 r--p 00016000 08:01 317309                     /usr/lib/jvm/java-8-openjdk-amd64/jre/lib/amd64/libnet.so
7f0430ac0000-7f0430ac1000 rw-p 00017000 08:01 317309                     /usr/lib/jvm/java-8-openjdk-amd64/jre/lib/amd64/libnet.so
7f0430ac1000-7f0430ac4000 ---p 00000000 00:00 0 
7f0430ac4000-7f0430bc2000 rw-p 00000000 00:00 0                          [stack:19868]
7f0430bc2000-7f0430bc5000 ---p 00000000 00:00 0 
7f0430bc5000-7f0430cc3000 rw-p 00000000 00:00 0                          [stack:19867]
7f0430cc3000-7f0430cc6000 ---p 00000000 00:00 0 
7f0430cc6000-7f0430dc4000 rw-p 00000000 00:00 0                          [stack:19866]
7f0430dc4000-7f0430dc7000 ---p 00000000 00:00 0 
7f0430dc7000-7f0430ec5000 rw-p 00000000 00:00 0                          [stack:19865]
7f0430ec5000-7f0430ec8000 ---p 00000000 00:00 0 
7f0430ec8000-7f0430fc6000 rw-p 00000000 00:00 0                          [stack:19864]
7f0430fc6000-7f0430fc9000 ---p 00000000 00:00 0 
7f0430fc9000-7f04310c7000 rw-p 00000000 00:00 0                          [stack:19863]
7f04310c7000-7f04310ca000 ---p 00000000 00:00 0 
7f04310ca000-7f04311c8000 rw-p 00000000 00:00 0                          [stack:19862]
7f04311c8000-7f04311cb000 ---p 00000000 00:00 0 
7f04311cb000-7f04312c9000 rw-p 00000000 00:00 0                          [stack:19861]
7f04312c9000-7f04312ca000 ---p 00000000 00:00 0 
7f04312ca000-7f04313ca000 rw-p 00000000 00:00 0                          [stack:19860]
7f04313ca000-7f04313cd000 ---p 00000000 00:00 0 
7f04313cd000-7f04314cb000 rw-p 00000000 00:00 0                          [stack:19859]
7f04314cb000-7f04314ce000 ---p 00000000 00:00 0 
7f04314ce000-7f04315cc000 rw-p 00000000 00:00 0                          [stack:19858]
7f04315cc000-7f04315cf000 ---p 00000000 00:00 0 
7f04315cf000-7f04316cd000 rw-p 00000000 00:00 0                          [stack:19857]
7f04316cd000-7f04316d2000 r-xp 00000000 08:01 274319                     /usr/lib/x86_64-linux-gnu/libXdmcp.so.6.0.0
7f04316d2000-7f04318d1000 ---p 00005000 08:01 274319                     /usr/lib/x86_64-linux-gnu/libXdmcp.so.6.0.0
7f04318d1000-7f04318d2000 r--p 00004000 08:01 274319                     /usr/lib/x86_64-linux-gnu/libXdmcp.so.6.0.0
7f04318d2000-7f04318d3000 rw-p 00005000 08:01 274319                     /usr/lib/x86_64-linux-gnu/libXdmcp.so.6.0.0
7f04318d3000-7f04318d5000 r-xp 00000000 08:01 274308                     /usr/lib/x86_64-linux-gnu/libXau.so.6.0.0
7f04318d5000-7f0431ad5000 ---p 00002000 08:01 274308                     /usr/lib/x86_64-linux-gnu/libXau.so.6.0.0
7f0431ad5000-7f0431ad6000 r--p 00002000 08:01 274308                     /usr/lib/x86_64-linux-gnu/libXau.so.6.0.0
7f0431ad6000-7f0431ad7000 rw-p 00003000 08:01 274308                     /usr/lib/x86_64-linux-gnu/libXau.so.6.0.0
7f0431ad7000-7f0431af4000 r-xp 00000000 08:01 275506                     /usr/lib/x86_64-linux-gnu/libxcb.so.1.1.0
7f0431af4000-7f0431cf4000 ---p 0001d000 08:01 275506                     /usr/lib/x86_64-linux-gnu/libxcb.so.1.1.0
7f0431cf4000-7f0431cf5000 r--p 0001d000 08:01 275506                     /usr/lib/x86_64-linux-gnu/libxcb.so.1.1.0
7f0431cf5000-7f0431cf6000 rw-p 0001e000 08:01 275506                     /usr/lib/x86_64-linux-gnu/libxcb.so.1.1.0
7f0431cf6000-7f0431e29000 r-xp 00000000 08:01 274304                     /usr/lib/x86_64-linux-gnu/libX11.so.6.3.0
7f0431e29000-7f0432029000 ---p 00133000 08:01 274304                     /usr/lib/x86_64-linux-gnu/libX11.so.6.3.0
7f0432029000-7f043202a000 r--p 00133000 08:01 274304                     /usr/lib/x86_64-linux-gnu/libX11.so.6.3.0
7f043202a000-7f043202e000 rw-p 00134000 08:01 274304                     /usr/lib/x86_64-linux-gnu/libX11.so.6.3.0
7f043202e000-7f043202f000 rw-p 00000000 00:00 0 
7f043203e000-7f0432040000 r--s 00006000 08:01 427597                     /usr/share/java/jayatana.jar
7f0432040000-7f0432043000 r--s 00015000 08:01 317365                     /usr/lib/jvm/java-8-openjdk-amd64/jre/lib/jce.jar
7f0432043000-7f0432048000 r--s 00094000 08:01 317336                     /usr/lib/jvm/java-8-openjdk-amd64/jre/lib/jsse.jar
7f0432048000-7f043204a000 r-xp 00000000 08:01 270676                     /usr/lib/jayatana/libjayatanaag.so
7f043204a000-7f0432249000 ---p 00002000 08:01 270676                     /usr/lib/jayatana/libjayatanaag.so
7f0432249000-7f043224a000 r--p 00001000 08:01 270676                     /usr/lib/jayatana/libjayatanaag.so
7f043224a000-7f043224b000 rw-p 00002000 08:01 270676                     /usr/lib/jayatana/libjayatanaag.so
7f043224b000-7f043224d000 r--s 00003000 08:01 66019                      /home/inal/Загрузки/jackson-dataformat-msgpack-0.7.0-p9.jar
7f043224d000-7f0432251000 r--s 0001b000 08:01 66016                      /home/inal/Загрузки/msgpack-core-0.7.0-p9.jar
7f0432251000-7f0432254000 r--s 0002e000 08:01 79942                      /home/inal/jetty/jetty-distribution-8.1.17.v20150415/lib/servlet-api-3.0.jar
7f0432254000-7f0432257000 r--s 0001d000 08:01 79923                      /home/inal/jetty/jetty-distribution-8.1.17.v20150415/lib/jetty-websocket-8.1.17.v20150415.jar
7f0432257000-7f043225c000 r--s 00042000 08:01 79921                      /home/inal/jetty/jetty-distribution-8.1.17.v20150415/lib/jetty-util-8.1.17.v20150415.jar
7f043225c000-7f0432261000 r--s 00053000 08:01 79918                      /home/inal/jetty/jetty-distribution-8.1.17.v20150415/lib/jetty-server-8.1.17.v20150415.jar
7f0432261000-7f0432263000 r--s 00018000 08:01 79910                      /home/inal/jetty/jetty-distribution-8.1.17.v20150415/lib/jetty-io-8.1.17.v20150415.jar
7f0432263000-7f043227f000 r--s 00393000 08:01 317341                     /usr/lib/jvm/java-8-openjdk-amd64/jre/lib/ext/cldrdata.jar
7f043227f000-7f0432282000 ---p 00000000 00:00 0 
7f0432282000-7f0432380000 rw-p 00000000 00:00 0                          [stack:19856]
7f0432380000-7f0432b94000 r--p 00000000 08:01 270782                     /usr/lib/locale/locale-archive
7f0432b94000-7f0432b97000 ---p 00000000 00:00 0 
7f0432b97000-7f0432c95000 rw-p 00000000 00:00 0                          [stack:19855]
7f0432c95000-7f0432c98000 ---p 00000000 00:00 0 
7f0432c98000-7f0432d96000 rw-p 00000000 00:00 0                          [stack:19854]
7f0432d96000-7f0432d97000 ---p 00000000 00:00 0 
7f0432d97000-7f0432ee4000 rw-p 00000000 00:00 0                          [stack:19853]
7f0432ee4000-7f04330b1000 r--s 03bd3000 08:01 317364                     /usr/lib/jvm/java-8-openjdk-amd64/jre/lib/rt.jar
7f04330b1000-7f0433867000 rw-p 00000000 00:00 0 
7f0433867000-7f0433927000 ---p 00000000 00:00 0 
7f0433927000-7f0433930000 rw-p 00000000 00:00 0 
7f0433930000-7f04339a5000 ---p 00000000 00:00 0 
7f04339a5000-7f04339af000 rw-p 00000000 00:00 0 
7f04339af000-7f0433d65000 ---p 00000000 00:00 0 
7f0433d65000-7f0433fd5000 rwxp 00000000 00:00 0 
7f0433fd5000-7f0442d65000 ---p 00000000 00:00 0 
7f0442d65000-7f0442d6d000 r-xp 00000000 08:01 317302                     /usr/lib/jvm/java-8-openjdk-amd64/jre/lib/amd64/libzip.so
7f0442d6d000-7f0442f6c000 ---p 00008000 08:01 317302                     /usr/lib/jvm/java-8-openjdk-amd64/jre/lib/amd64/libzip.so
7f0442f6c000-7f0442f6d000 r--p 00007000 08:01 317302                     /usr/lib/jvm/java-8-openjdk-amd64/jre/lib/amd64/libzip.so
7f0442f6d000-7f0442f6e000 rw-p 00008000 08:01 317302                     /usr/lib/jvm/java-8-openjdk-amd64/jre/lib/amd64/libzip.so
7f0442f6e000-7f0442f7a000 r-xp 00000000 08:01 138488                     /lib/x86_64-linux-gnu/libnss_files-2.21.so
7f0442f7a000-7f0443179000 ---p 0000c000 08:01 138488                     /lib/x86_64-linux-gnu/libnss_files-2.21.so
7f0443179000-7f044317a000 r--p 0000b000 08:01 138488                     /lib/x86_64-linux-gnu/libnss_files-2.21.so
7f044317a000-7f044317b000 rw-p 0000c000 08:01 138488                     /lib/x86_64-linux-gnu/libnss_files-2.21.so
7f044317b000-7f0443186000 r-xp 00000000 08:01 138498                     /lib/x86_64-linux-gnu/libnss_nis-2.21.so
7f0443186000-7f0443385000 ---p 0000b000 08:01 138498                     /lib/x86_64-linux-gnu/libnss_nis-2.21.so
7f0443385000-7f0443386000 r--p 0000a000 08:01 138498                     /lib/x86_64-linux-gnu/libnss_nis-2.21.so
7f0443386000-7f0443387000 rw-p 0000b000 08:01 138498                     /lib/x86_64-linux-gnu/libnss_nis-2.21.so
7f0443387000-7f044339e000 r-xp 00000000 08:01 138482                     /lib/x86_64-linux-gnu/libnsl-2.21.so
7f044339e000-7f044359d000 ---p 00017000 08:01 138482                     /lib/x86_64-linux-gnu/libnsl-2.21.so
7f044359d000-7f044359e000 r--p 00016000 08:01 138482                     /lib/x86_64-linux-gnu/libnsl-2.21.so
7f044359e000-7f044359f000 rw-p 00017000 08:01 138482                     /lib/x86_64-linux-gnu/libnsl-2.21.so
7f044359f000-7f04435a1000 rw-p 00000000 00:00 0 
7f04435a1000-7f04435a9000 r-xp 00000000 08:01 138484                     /lib/x86_64-linux-gnu/libnss_compat-2.21.so
7f04435a9000-7f04437a8000 ---p 00008000 08:01 138484                     /lib/x86_64-linux-gnu/libnss_compat-2.21.so
7f04437a8000-7f04437a9000 r--p 00007000 08:01 138484                     /lib/x86_64-linux-gnu/libnss_compat-2.21.so
7f04437a9000-7f04437aa000 rw-p 00008000 08:01 138484                     /lib/x86_64-linux-gnu/libnss_compat-2.21.so
7f04437aa000-7f04437b4000 r-xp 00000000 08:01 317321                     /usr/lib/jvm/java-8-openjdk-amd64/jre/lib/amd64/libinstrument.so
7f04437b4000-7f04439b3000 ---p 0000a000 08:01 317321                     /usr/lib/jvm/java-8-openjdk-amd64/jre/lib/amd64/libinstrument.so
7f04439b3000-7f04439b4000 r--p 00009000 08:01 317321                     /usr/lib/jvm/java-8-openjdk-amd64/jre/lib/amd64/libinstrument.so
7f04439b4000-7f04439b5000 rw-p 0000a000 08:01 317321                     /usr/lib/jvm/java-8-openjdk-amd64/jre/lib/amd64/libinstrument.so
7f04439b5000-7f04439e3000 r-xp 00000000 08:01 317299                     /usr/lib/jvm/java-8-openjdk-amd64/jre/lib/amd64/libjava.so
7f04439e3000-7f0443be2000 ---p 0002e000 08:01 317299                     /usr/lib/jvm/java-8-openjdk-amd64/jre/lib/amd64/libjava.so
7f0443be2000-7f0443be3000 r--p 0002d000 08:01 317299                     /usr/lib/jvm/java-8-openjdk-amd64/jre/lib/amd64/libjava.so
7f0443be3000-7f0443be5000 rw-p 0002e000 08:01 317299                     /usr/lib/jvm/java-8-openjdk-amd64/jre/lib/amd64/libjava.so
7f0443be5000-7f0443bf4000 r-xp 00000000 08:01 317314                     /usr/lib/jvm/java-8-openjdk-amd64/jre/lib/amd64/libverify.so
7f0443bf4000-7f0443df4000 ---p 0000f000 08:01 317314                     /usr/lib/jvm/java-8-openjdk-amd64/jre/lib/amd64/libverify.so
7f0443df4000-7f0443df7000 r--p 0000f000 08:01 317314                     /usr/lib/jvm/java-8-openjdk-amd64/jre/lib/amd64/libverify.so
7f0443df7000-7f0443df8000 rw-p 00012000 08:01 317314                     /usr/lib/jvm/java-8-openjdk-amd64/jre/lib/amd64/libverify.so
7f0443df8000-7f0443dff000 r-xp 00000000 08:01 138543                     /lib/x86_64-linux-gnu/librt-2.21.so
7f0443dff000-7f0443ffe000 ---p 00007000 08:01 138543                     /lib/x86_64-linux-gnu/librt-2.21.so
7f0443ffe000-7f0443fff000 r--p 00006000 08:01 138543                     /lib/x86_64-linux-gnu/librt-2.21.so
7f0443fff000-7f0444000000 rw-p 00007000 08:01 138543                     /lib/x86_64-linux-gnu/librt-2.21.so
7f0444000000-7f0444478000 rw-p 00000000 00:00 0 
7f0444478000-7f0448000000 ---p 00000000 00:00 0 
7f0448000000-7f0448001000 rw-p 00000000 00:00 0 
7f0448001000-7f0448003000 r--s 00016000 08:01 79909                      /home/inal/jetty/jetty-distribution-8.1.17.v20150415/lib/jetty-http-8.1.17.v20150415.jar
7f0448003000-7f044800e000 r--s 00116000 08:01 317344                     /usr/lib/jvm/java-8-openjdk-amd64/jre/lib/ext/localedata.jar
7f044800e000-7f0448069000 rw-p 00000000 00:00 0 
7f0448069000-7f044807f000 r-xp 00000000 08:01 138431                     /lib/x86_64-linux-gnu/libgcc_s.so.1
7f044807f000-7f044827e000 ---p 00016000 08:01 138431                     /lib/x86_64-linux-gnu/libgcc_s.so.1
7f044827e000-7f044827f000 rw-p 00015000 08:01 138431                     /lib/x86_64-linux-gnu/libgcc_s.so.1
7f044827f000-7f0448386000 r-xp 00000000 08:01 138461                     /lib/x86_64-linux-gnu/libm-2.21.so
7f0448386000-7f0448585000 ---p 00107000 08:01 138461                     /lib/x86_64-linux-gnu/libm-2.21.so
7f0448585000-7f0448586000 r--p 00106000 08:01 138461                     /lib/x86_64-linux-gnu/libm-2.21.so
7f0448586000-7f0448587000 rw-p 00107000 08:01 138461                     /lib/x86_64-linux-gnu/libm-2.21.so
7f0448587000-7f0448677000 r-xp 00000000 08:01 275300                     /usr/lib/x86_64-linux-gnu/libstdc++.so.6.0.20
7f0448677000-7f0448877000 ---p 000f0000 08:01 275300                     /usr/lib/x86_64-linux-gnu/libstdc++.so.6.0.20
7f0448877000-7f044887f000 r--p 000f0000 08:01 275300                     /usr/lib/x86_64-linux-gnu/libstdc++.so.6.0.20
7f044887f000-7f0448881000 rw-p 000f8000 08:01 275300                     /usr/lib/x86_64-linux-gnu/libstdc++.so.6.0.20
7f0448881000-7f0448896000 rw-p 00000000 00:00 0 
7f0448896000-7f0449523000 r-xp 00000000 08:01 317325                     /usr/lib/jvm/java-8-openjdk-amd64/jre/lib/amd64/server/libjvm.so
7f0449523000-7f0449723000 ---p 00c8d000 08:01 317325                     /usr/lib/jvm/java-8-openjdk-amd64/jre/lib/amd64/server/libjvm.so
7f0449723000-7f04497c6000 r--p 00c8d000 08:01 317325                     /usr/lib/jvm/java-8-openjdk-amd64/jre/lib/amd64/server/libjvm.so
7f04497c6000-7f04497ef000 rw-p 00d30000 08:01 317325                     /usr/lib/jvm/java-8-openjdk-amd64/jre/lib/amd64/server/libjvm.so
7f04497ef000-7f044981e000 rw-p 00000000 00:00 0 
7f044981e000-7f0449836000 r-xp 00000000 08:01 138535                     /lib/x86_64-linux-gnu/libpthread-2.21.so
7f0449836000-7f0449a36000 ---p 00018000 08:01 138535                     /lib/x86_64-linux-gnu/libpthread-2.21.so
7f0449a36000-7f0449a37000 r--p 00018000 08:01 138535                     /lib/x86_64-linux-gnu/libpthread-2.21.so
7f0449a37000-7f0449a38000 rw-p 00019000 08:01 138535                     /lib/x86_64-linux-gnu/libpthread-2.21.so
7f0449a38000-7f0449a3c000 rw-p 00000000 00:00 0 
7f0449a3c000-7f0449a3f000 r-xp 00000000 08:01 138419                     /lib/x86_64-linux-gnu/libdl-2.21.so
7f0449a3f000-7f0449c3e000 ---p 00003000 08:01 138419                     /lib/x86_64-linux-gnu/libdl-2.21.so
7f0449c3e000-7f0449c3f000 r--p 00002000 08:01 138419                     /lib/x86_64-linux-gnu/libdl-2.21.so
7f0449c3f000-7f0449c40000 rw-p 00003000 08:01 138419                     /lib/x86_64-linux-gnu/libdl-2.21.so
7f0449c40000-7f0449c59000 r-xp 00000000 08:01 138576                     /lib/x86_64-linux-gnu/libz.so.1.2.8
7f0449c59000-7f0449e59000 ---p 00019000 08:01 138576                     /lib/x86_64-linux-gnu/libz.so.1.2.8
7f0449e59000-7f0449e5a000 r--p 00019000 08:01 138576                     /lib/x86_64-linux-gnu/libz.so.1.2.8
7f0449e5a000-7f0449e5b000 rw-p 0001a000 08:01 138576                     /lib/x86_64-linux-gnu/libz.so.1.2.8
7f0449e5b000-7f044a01b000 r-xp 00000000 08:01 138402                     /lib/x86_64-linux-gnu/libc-2.21.so
7f044a01b000-7f044a21b000 ---p 001c0000 08:01 138402                     /lib/x86_64-linux-gnu/libc-2.21.so
7f044a21b000-7f044a21f000 r--p 001c0000 08:01 138402                     /lib/x86_64-linux-gnu/libc-2.21.so
7f044a21f000-7f044a221000 rw-p 001c4000 08:01 138402                     /lib/x86_64-linux-gnu/libc-2.21.so
7f044a221000-7f044a225000 rw-p 00000000 00:00 0 
7f044a225000-7f044a233000 r-xp 00000000 08:01 317331                     /usr/lib/jvm/java-8-openjdk-amd64/jre/lib/amd64/jli/libjli.so
7f044a233000-7f044a432000 ---p 0000e000 08:01 317331                     /usr/lib/jvm/java-8-openjdk-amd64/jre/lib/amd64/jli/libjli.so
7f044a432000-7f044a433000 r--p 0000d000 08:01 317331                     /usr/lib/jvm/java-8-openjdk-amd64/jre/lib/amd64/jli/libjli.so
7f044a433000-7f044a434000 rw-p 0000e000 08:01 317331                     /usr/lib/jvm/java-8-openjdk-amd64/jre/lib/amd64/jli/libjli.so
7f044a434000-7f044a458000 r-xp 00000000 08:01 138374                     /lib/x86_64-linux-gnu/ld-2.21.so
7f044a458000-7f044a459000 r--s 00000000 08:01 427598                     /usr/share/java/jayatanaag.jar
7f044a459000-7f044a45f000 r--s 0003a000 08:01 317346                     /usr/lib/jvm/java-8-openjdk-amd64/jre/lib/ext/sunjce_provider.jar
7f044a45f000-7f044a479000 r--s 001d3000 08:01 317342                     /usr/lib/jvm/java-8-openjdk-amd64/jre/lib/ext/nashorn.jar
7f044a479000-7f044a47d000 rw-p 00000000 00:00 0 
7f044a47d000-7f044a4b7000 ---p 00000000 00:00 0 
7f044a4b7000-7f044a4c0000 rw-p 00000000 00:00 0 
7f044a4c0000-7f044a535000 ---p 00000000 00:00 0 
7f044a535000-7f044a536000 rw-p 00000000 00:00 0 
7f044a536000-7f044a539000 ---p 00000000 00:00 0 
7f044a539000-7f044a63c000 rw-p 00000000 00:00 0                          [stack:19849]
7f044a63c000-7f044a63d000 r--s 00005000 08:01 77936                      /home/inal/json/json-simple-1.1.1.jar
7f044a63d000-7f044a63f000 r--s 00004000 08:01 79907                      /home/inal/jetty/jetty-distribution-8.1.17.v20150415/lib/jetty-continuation-8.1.17.v20150415.jar
7f044a63f000-7f044a640000 r--s 00008000 08:01 317343                     /usr/lib/jvm/java-8-openjdk-amd64/jre/lib/ext/sunec.jar
7f044a640000-7f044a643000 r--s 00037000 08:01 317349                     /usr/lib/jvm/java-8-openjdk-amd64/jre/lib/ext/sunpkcs11.jar
7f044a643000-7f044a646000 r--s 0000f000 08:01 317348                     /usr/lib/jvm/java-8-openjdk-amd64/jre/lib/ext/icedtea-sound.jar
7f044a646000-7f044a648000 r--s 00006000 08:01 453479                     /usr/share/java/java-atk-wrapper.jar
7f044a648000-7f044a649000 r--s 00010000 08:01 317345                     /usr/lib/jvm/java-8-openjdk-amd64/jre/lib/ext/zipfs.jar
7f044a649000-7f044a64b000 r--s 00001000 08:01 317347                     /usr/lib/jvm/java-8-openjdk-amd64/jre/lib/ext/dnsns.jar
7f044a64b000-7f044a653000 rw-s 00000000 08:01 66416                      /tmp/hsperfdata_inal/19847
7f044a653000-7f044a654000 rw-p 00000000 00:00 0 
7f044a654000-7f044a655000 r--p 00000000 00:00 0 
7f044a655000-7f044a657000 rw-p 00000000 00:00 0 
7f044a657000-7f044a658000 r--p 00023000 08:01 138374                     /lib/x86_64-linux-gnu/ld-2.21.so
7f044a658000-7f044a659000 rw-p 00024000 08:01 138374                     /lib/x86_64-linux-gnu/ld-2.21.so
7f044a659000-7f044a65a000 rw-p 00000000 00:00 0 
7ffdfd60b000-7ffdfd62c000 rw-p 00000000 00:00 0                          [stack]
7ffdfd738000-7ffdfd73a000 r--p 00000000 00:00 0                          [vvar]
7ffdfd73a000-7ffdfd73c000 r-xp 00000000 00:00 0                          [vdso]
ffffffffff600000-ffffffffff601000 r-xp 00000000 00:00 0                  [vsyscall]

VM Arguments:
jvm_args: -javaagent:/usr/share/java/jayatanaag.jar -Dfile.encoding=UTF-8 
java_command: StagAppServer.WsProxy
java_class_path (initial): /home/inal/workspace/StagAppServer/bin:/home/inal/jetty/jetty-distribution-8.1.17.v20150415/lib/jetty-continuation-8.1.17.v20150415.jar:/home/inal/jetty/jetty-distribution-8.1.17.v20150415/lib/jetty-http-8.1.17.v20150415.jar:/home/inal/jetty/jetty-distribution-8.1.17.v20150415/lib/jetty-io-8.1.17.v20150415.jar:/home/inal/jetty/jetty-distribution-8.1.17.v20150415/lib/jetty-server-8.1.17.v20150415.jar:/home/inal/jetty/jetty-distribution-8.1.17.v20150415/lib/jetty-util-8.1.17.v20150415.jar:/home/inal/jetty/jetty-distribution-8.1.17.v20150415/lib/jetty-websocket-8.1.17.v20150415.jar:/home/inal/jetty/jetty-distribution-8.1.17.v20150415/lib/servlet-api-3.0.jar:/home/inal/json/json-simple-1.1.1.jar:/home/inal/Загрузки/msgpack-core-0.7.0-p9.jar:/home/inal/Загрузки/jackson-dataformat-msgpack-0.7.0-p9.jar:/usr/share/java/jayatanaag.jar
Launcher Type: SUN_STANDARD

Environment Variables:
JAVA_TOOL_OPTIONS=-javaagent:/usr/share/java/jayatanaag.jar 
PATH=/usr/local/sbin:/usr/local/bin:/usr/sbin:/usr/bin:/sbin:/bin:/usr/games:/usr/local/games:/usr/lib/postgresql/9.4/bin
SHELL=/bin/bash
DISPLAY=:0

Signal Handlers:
SIGSEGV: [libjvm.so+0xa90d80], sa_mask[0]=11111111011111111101111111111110, sa_flags=SA_RESTART|SA_SIGINFO
SIGBUS: [libjvm.so+0xa90d80], sa_mask[0]=11111111011111111101111111111110, sa_flags=SA_RESTART|SA_SIGINFO
SIGFPE: [libjvm.so+0x8dbc70], sa_mask[0]=11111111011111111101111111111110, sa_flags=SA_RESTART|SA_SIGINFO
SIGPIPE: [libjvm.so+0x8dbc70], sa_mask[0]=11111111011111111101111111111110, sa_flags=SA_RESTART|SA_SIGINFO
SIGXFSZ: [libjvm.so+0x8dbc70], sa_mask[0]=11111111011111111101111111111110, sa_flags=SA_RESTART|SA_SIGINFO
SIGILL: [libjvm.so+0x8dbc70], sa_mask[0]=11111111011111111101111111111110, sa_flags=SA_RESTART|SA_SIGINFO
SIGUSR1: SIG_DFL, sa_mask[0]=00000000000000000000000000000000, sa_flags=none
SIGUSR2: [libjvm.so+0x8dbb20], sa_mask[0]=00100000000000000000000000000000, sa_flags=SA_RESTART|SA_SIGINFO
SIGHUP: [libjvm.so+0x8dbd40], sa_mask[0]=11111111011111111101111111111110, sa_flags=SA_RESTART|SA_SIGINFO
SIGINT: [libjvm.so+0x8dbd40], sa_mask[0]=11111111011111111101111111111110, sa_flags=SA_RESTART|SA_SIGINFO
SIGTERM: [libjvm.so+0x8dbd40], sa_mask[0]=11111111011111111101111111111110, sa_flags=SA_RESTART|SA_SIGINFO
SIGQUIT: [libjvm.so+0x8dbd40], sa_mask[0]=11111111011111111101111111111110, sa_flags=SA_RESTART|SA_SIGINFO


---------------  S Y S T E M  ---------------

OS:DISTRIB_ID=Ubuntu
DISTRIB_RELEASE=15.04
DISTRIB_CODENAME=vivid
DISTRIB_DESCRIPTION="Ubuntu 15.04"

uname:Linux 3.19.0-18-generic #18-Ubuntu SMP Tue May 19 18:31:35 UTC 2015 x86_64
libc:glibc 2.21 NPTL 2.21 
rlimit: STACK 8192k, CORE 0k, NPROC 5908, NOFILE 65536, AS infinity
load average:0,10 0,10 0,11

/proc/meminfo:
MemTotal:        1534944 kB
MemFree:          176280 kB
MemAvailable:     512612 kB
Buffers:           40296 kB
Cached:           415856 kB
SwapCached:          908 kB
Active:           972488 kB
Inactive:         293196 kB
Active(anon):     730776 kB
Inactive(anon):    99896 kB
Active(file):     241712 kB
Inactive(file):   193300 kB
Unevictable:           0 kB
Mlocked:               0 kB
SwapTotal:        522236 kB
SwapFree:         521264 kB
Dirty:                76 kB
Writeback:             0 kB
AnonPages:        808636 kB
Mapped:           186240 kB
Shmem:             21144 kB
Slab:              47320 kB
SReclaimable:      27884 kB
SUnreclaim:        19436 kB
KernelStack:        5616 kB
PageTables:        25352 kB
NFS_Unstable:          0 kB
Bounce:                0 kB
WritebackTmp:          0 kB
CommitLimit:     1289708 kB
Committed_AS:    2926232 kB
VmallocTotal:   34359738367 kB
VmallocUsed:       27760 kB
VmallocChunk:   34359707528 kB
HardwareCorrupted:     0 kB
AnonHugePages:    507904 kB
CmaTotal:              0 kB
CmaFree:               0 kB
HugePages_Total:       0
HugePages_Free:        0
HugePages_Rsvd:        0
HugePages_Surp:        0
Hugepagesize:       2048 kB
DirectMap4k:       75712 kB
DirectMap2M:     1501184 kB


CPU:total 2 (2 cores per cpu, 1 threads per core) family 16 model 4 stepping 3, cmov, cx8, fxsr, mmx, sse, sse2, sse3, 3dnowpref, tsc

/proc/cpuinfo:
processor	: 0
vendor_id	: AuthenticAMD
cpu family	: 16
model		: 4
model name	: AMD Phenom(tm) II X4 B55 Processor
stepping	: 3
microcode	: 0x1000086
cpu MHz		: 3213.664
cache size	: 512 KB
physical id	: 0
siblings	: 2
core id		: 0
cpu cores	: 2
apicid		: 0
initial apicid	: 0
fpu		: yes
fpu_exception	: yes
cpuid level	: 5
wp		: yes
flags		: fpu vme de pse tsc msr pae mce cx8 apic sep mtrr pge mca cmov pat pse36 clflush mmx fxsr sse sse2 ht syscall nx fxsr_opt rdtscp lm 3dnowext 3dnow rep_good nopl extd_apicid pni lahf_lm cmp_legacy cr8_legacy vmmcall
bugs		: tlb_mmatch apic_c1e fxsave_leak
bogomips	: 6427.32
TLB size	: 1024 4K pages
clflush size	: 64
cache_alignment	: 64
address sizes	: 48 bits physical, 48 bits virtual
power management:

processor	: 1
vendor_id	: AuthenticAMD
cpu family	: 16
model		: 4
model name	: AMD Phenom(tm) II X4 B55 Processor
stepping	: 3
microcode	: 0x1000086
cpu MHz		: 3213.664
cache size	: 512 KB
physical id	: 0
siblings	: 2
core id		: 1
cpu cores	: 2
apicid		: 1
initial apicid	: 1
fpu		: yes
fpu_exception	: yes
cpuid level	: 5
wp		: yes
flags		: fpu vme de pse tsc msr pae mce cx8 apic sep mtrr pge mca cmov pat pse36 clflush mmx fxsr sse sse2 ht syscall nx fxsr_opt rdtscp lm 3dnowext 3dnow rep_good nopl extd_apicid pni lahf_lm cmp_legacy cr8_legacy vmmcall
bugs		: tlb_mmatch apic_c1e fxsave_leak
bogomips	: 6393.11
TLB size	: 1024 4K pages
clflush size	: 64
cache_alignment	: 64
address sizes	: 48 bits physical, 48 bits virtual
power management:



Memory: 4k page, physical 1534944k(176280k free), swap 522236k(521264k free)

vm_info: OpenJDK 64-Bit Server VM (25.45-b02) for linux-amd64 JRE (1.8.0_45-internal-b14), built on Apr 20 2015 00:35:04 by "buildd" with gcc 4.9.2

time: Tue Jul  7 21:10:48 2015
elapsed time: 22 seconds (0d 0h 0m 22s)

