#
# A fatal error has been detected by the Java Runtime Environment:
#
#  SIGSEGV (0xb) at pc=0x00007f6b8b19e8e4, pid=18688, tid=140099384121088
#
# JRE version: OpenJDK Runtime Environment (8.0_45-b14) (build 1.8.0_45-internal-b14)
# Java VM: OpenJDK 64-Bit Server VM (25.45-b02 mixed mode linux-amd64 compressed oops)
# Problematic frame:
# C  [libc.so.6+0x948e4]
#
# Failed to write core dump. Core dumps have been disabled. To enable core dumping, try "ulimit -c unlimited" before starting Java again
#
# If you would like to submit a bug report, please visit:
#   http://bugreport.java.com/bugreport/crash.jsp
#

---------------  T H R E A D  ---------------

Current thread (0x00007f6b84260000):  JavaThread "qtp1834188994-14" [_thread_in_vm, id=18711, stack(0x00007f6b6df61000,0x00007f6b6e062000)]

siginfo: si_signo: 11 (SIGSEGV), si_code: 1 (SEGV_MAPERR), si_addr: 0x0000000000000010

Registers:
RAX=0x0100000101004649, RBX=0x00000000000019b9, RCX=0x464a1000e0ffd8ff, RDX=0x0000000000000338
RSP=0x00007f6b6e060368, RBP=0x0000000000000010, RSI=0x00000000e89d57c0, RDI=0x0000000000000000
R8 =0x0000000000000000, R9 =0x0000000000000010, R10=0x00007f6b750134a8, R11=0x00007f6b8a4cbf40
R12=0x0000000000000010, R13=0x00000000e89d57c8, R14=0x00007f6b84260000, R15=0x0000000000000010
RIP=0x00007f6b8b19e8e4, EFLAGS=0x0000000000010246, CSGSFS=0x0000000000000033, ERR=0x0000000000000006
  TRAPNO=0x000000000000000e

Top of Stack: (sp=0x00007f6b6e060368)
0x00007f6b6e060368:   00007f6b8b19911d 00007f6b6e0603b0
0x00007f6b6e060378:   00000000000019b9 00007f6b6e0603e0
0x00007f6b6e060388:   00007f6b6e0604d0 0000000000000000
0x00007f6b6e060398:   00007f6b8a5a2881 00007f6b84260000
0x00007f6b6e0603a8:   0000000000000030 00007f6b74afab50
0x00007f6b6e0603b8:   00007f6b744408d8 0000000000000000
0x00007f6b6e0603c8:   00007f6b744408d8 00007f6b6e0604d8
0x00007f6b6e0603d8:   00007f6b84260000 00007f6b6e060478
0x00007f6b6e0603e8:   00007f6b750134d4 00000000000019b9
0x00007f6b6e0603f8:   00007f6b6e060498 000000010000d8e0
0x00007f6b6e060408:   000000010000d8e0 00007f6b744408d8
0x00007f6b6e060418:   00007f6b84260000 00007f6b744408d8
0x00007f6b6e060428:   00007f6b84260000 fffffffe00000000
0x00007f6b6e060438:   00007f6b6e060438 0000000000000000
0x00007f6b6e060448:   00007f6b6e0604d8 00007f6b7446d0f8
0x00007f6b6e060458:   0000000000000000 00007f6b744408d8
0x00007f6b6e060468:   0000000000000000 00007f6b6e060498
0x00007f6b6e060478:   00007f6b6e060520 00007f6b7500798d
0x00007f6b6e060488:   0000000000000000 00007f6b7500f2b8
0x00007f6b6e060498:   00000000000019b9 00007f6b74afab50
0x00007f6b6e0604a8:   0000000000000010 0000000000000010
0x00007f6b6e0604b8:   0000000000000000 0000000000000030
0x00007f6b6e0604c8:   00000000e8a3ad08 00000000e89d5798
0x00007f6b6e0604d8:   00000000f061de38 00007f6b6e0604e0
0x00007f6b6e0604e8:   00007f6b74afab40 00007f6b6e060550
0x00007f6b6e0604f8:   00007f6b74afc028 0000000000000000
0x00007f6b6e060508:   00007f6b74afab50 00007f6b6e060498
0x00007f6b6e060518:   00007f6b6e060530 00007f6b6e060598
0x00007f6b6e060528:   00007f6b7500798d 00000000000019b9
0x00007f6b6e060538:   0000000000000000 0000000000000000
0x00007f6b6e060548:   0000000000000018 00000000e8a3ad08
0x00007f6b6e060558:   00007f6b6e060558 00007f6b74af4034 

Instructions: (pc=0x00007f6b8b19e8e4)
0x00007f6b8b19e8c4:   48 83 ea 08 0f 84 ca 00 00 00 48 83 c6 40 48 8b
0x00007f6b8b19e8d4:   06 48 89 0f 48 8b 4e 08 48 89 47 08 48 8b 46 10
0x00007f6b8b19e8e4:   48 89 4f 10 48 8b 4e 18 48 89 47 18 eb ae 66 0f
0x00007f6b8b19e8f4:   1f 44 00 00 48 85 d2 0f 84 9a 00 00 00 48 8b 06 

Register to memory mapping:

RAX=0x0100000101004649 is an unknown value
RBX=0x00000000000019b9 is an unknown value
RCX=0x464a1000e0ffd8ff is an unknown value
RDX=0x0000000000000338 is an unknown value
RSP=0x00007f6b6e060368 is pointing into the stack for thread: 0x00007f6b84260000
RBP=0x0000000000000010 is an unknown value
RSI=
[error occurred during error reporting (printing register info), id 0xb]

Stack: [0x00007f6b6df61000,0x00007f6b6e062000],  sp=0x00007f6b6e060368,  free space=1020k
Native frames: (J=compiled Java code, j=interpreted, Vv=VM code, C=native code)
C  [libc.so.6+0x948e4]

Java frames: (J=compiled Java code, j=interpreted, Vv=VM code)
j  sun.misc.Unsafe.copyMemory(Ljava/lang/Object;JLjava/lang/Object;JJ)V+0
j  org.msgpack.core.buffer.MessageBuffer.getBytes(I[BII)V+24
j  org.msgpack.core.MessageUnpacker.readPayload([BII)V+60
j  StagAppServer.WsHandler$ChatWebSocket.unpackMe(Lorg/msgpack/core/MessageUnpacker;)LStagAppServer/StagData;+352
j  StagAppServer.WsHandler$ChatWebSocket.onMessage([BII)V+27
j  org.eclipse.jetty.websocket.WebSocketConnectionRFC6455$WSFrameHandler.onFrame(BBLorg/eclipse/jetty/io/Buffer;)V+1259
j  org.eclipse.jetty.websocket.WebSocketParserRFC6455.parseNext()I+1551
j  org.eclipse.jetty.websocket.WebSocketConnectionRFC6455.handle()Lorg/eclipse/jetty/io/Connection;+36
j  org.eclipse.jetty.io.nio.SelectChannelEndPoint.handle()V+10
j  org.eclipse.jetty.io.nio.SelectChannelEndPoint$1.run()V+4
J 692 C1 org.eclipse.jetty.util.thread.QueuedThreadPool.runJob(Ljava/lang/Runnable;)V (7 bytes) @ 0x00007f6b75295284 [0x00007f6b75295180+0x104]
j  org.eclipse.jetty.util.thread.QueuedThreadPool$3.run()V+47
j  java.lang.Thread.run()V+11
v  ~StubRoutines::call_stub

---------------  P R O C E S S  ---------------

Java Threads: ( => current thread )
  0x00007f6b8400b000 JavaThread "DestroyJavaVM" [_thread_blocked, id=18690, stack(0x00007f6b8b7e5000,0x00007f6b8b8e6000)]
  0x00007f6b84263800 JavaThread "qtp1834188994-16" [_thread_blocked, id=18713, stack(0x00007f6b6dd5f000,0x00007f6b6de60000)]
  0x00007f6b84261800 JavaThread "qtp1834188994-15" [_thread_blocked, id=18712, stack(0x00007f6b6de60000,0x00007f6b6df61000)]
=>0x00007f6b84260000 JavaThread "qtp1834188994-14" [_thread_in_vm, id=18711, stack(0x00007f6b6df61000,0x00007f6b6e062000)]
  0x00007f6b8425e000 JavaThread "qtp1834188994-13" [_thread_blocked, id=18710, stack(0x00007f6b6e062000,0x00007f6b6e163000)]
  0x00007f6b8425c000 JavaThread "qtp1834188994-12" [_thread_blocked, id=18709, stack(0x00007f6b6e163000,0x00007f6b6e264000)]
  0x00007f6b8425a800 JavaThread "qtp1834188994-11" [_thread_blocked, id=18708, stack(0x00007f6b6e264000,0x00007f6b6e365000)]
  0x00007f6b84258800 JavaThread "qtp1834188994-10 Acceptor0 SelectChannelConnector@0.0.0.0:8087" [_thread_in_native, id=18707, stack(0x00007f6b6e365000,0x00007f6b6e466000)]
  0x00007f6b84257800 JavaThread "qtp1834188994-9 Selector0" [_thread_in_native, id=18706, stack(0x00007f6b6e466000,0x00007f6b6e567000)]
  0x00007f6b841b8800 JavaThread "Service Thread" daemon [_thread_blocked, id=18701, stack(0x00007f6b6e668000,0x00007f6b6e769000)]
  0x00007f6b841b3800 JavaThread "C1 CompilerThread1" daemon [_thread_blocked, id=18700, stack(0x00007f6b6e769000,0x00007f6b6e86a000)]
  0x00007f6b841a6000 JavaThread "C2 CompilerThread0" daemon [_thread_blocked, id=18699, stack(0x00007f6b6e86a000,0x00007f6b6e96b000)]
  0x00007f6b840c0000 JavaThread "Signal Dispatcher" daemon [_thread_blocked, id=18698, stack(0x00007f6b6f4e9000,0x00007f6b6f5ea000)]
  0x00007f6b8409d000 JavaThread "Finalizer" daemon [_thread_blocked, id=18697, stack(0x00007f6b6fdfe000,0x00007f6b6feff000)]
  0x00007f6b8409b000 JavaThread "Reference Handler" daemon [_thread_blocked, id=18696, stack(0x00007f6b6feff000,0x00007f6b70000000)]

Other Threads:
  0x00007f6b84096000 VMThread [stack: 0x00007f6b74031000,0x00007f6b74132000] [id=18695]
  0x00007f6b841bb000 WatcherThread [stack: 0x00007f6b6e567000,0x00007f6b6e668000] [id=18702]

VM state:not at safepoint (normal execution)

VM Mutex/Monitor currently owned by a thread: None

Heap:
 def new generation   total 7424K, used 3271K [0x00000000e8800000, 0x00000000e9000000, 0x00000000f0550000)
  eden space 6656K,  37% used [0x00000000e8800000, 0x00000000e8a71fc8, 0x00000000e8e80000)
  from space 768K,  99% used [0x00000000e8e80000, 0x00000000e8f3fff8, 0x00000000e8f40000)
  to   space 768K,   0% used [0x00000000e8f40000, 0x00000000e8f40000, 0x00000000e9000000)
 tenured generation   total 16384K, used 1734K [0x00000000f0550000, 0x00000000f1550000, 0x0000000100000000)
   the space 16384K,  10% used [0x00000000f0550000, 0x00000000f07018c8, 0x00000000f0701a00, 0x00000000f1550000)
 Metaspace       used 8381K, capacity 8498K, committed 8704K, reserved 1056768K
  class space    used 892K, capacity 957K, committed 1024K, reserved 1048576K

Card table byte_map: [0x00007f6b8b728000,0x00007f6b8b7e5000] byte_map_base: 0x00007f6b8afe4000

Polling page: 0x00007f6b8b903000

CodeCache: size=245760Kb used=2747Kb max_used=2747Kb free=243012Kb
 bounds [0x00007f6b75000000, 0x00007f6b752b0000, 0x00007f6b84000000]
 total_blobs=1071 nmethods=742 adapters=245
 compilation: enabled

Compilation events (10 events):
Event: 335,902 Thread 0x00007f6b841b3800 nmethod 736 0x00007f6b752ab7d0 code [0x00007f6b752ab940, 0x00007f6b752abba8]
Event: 335,902 Thread 0x00007f6b841b3800  737       3       sun.nio.cs.StreamEncoder::writeBytes (132 bytes)
Event: 335,903 Thread 0x00007f6b841b3800 nmethod 737 0x00007f6b752abc90 code [0x00007f6b752abea0, 0x00007f6b752acaf8]
Event: 335,903 Thread 0x00007f6b841b3800  738   !   3       java.io.PrintStream::write (69 bytes)
Event: 335,904 Thread 0x00007f6b841b3800 nmethod 738 0x00007f6b752ad050 code [0x00007f6b752ad220, 0x00007f6b752ad998]
Event: 335,904 Thread 0x00007f6b841b3800  739  s    3       java.io.BufferedOutputStream::write (67 bytes)
Event: 335,904 Thread 0x00007f6b841b3800 nmethod 739 0x00007f6b752addd0 code [0x00007f6b752adfa0, 0x00007f6b752ae7d8]
Event: 335,904 Thread 0x00007f6b841b3800  740       3       java.io.FileOutputStream::write (12 bytes)
Event: 335,904 Thread 0x00007f6b841b3800 nmethod 740 0x00007f6b752aea90 code [0x00007f6b752aec00, 0x00007f6b752aed88]
Event: 339,651 Thread 0x00007f6b841b3800  742       3       java.lang.StringBuilder::append (8 bytes)

GC Heap History (4 events):
Event: 0,723 GC heap before
{Heap before GC invocations=0 (full 0):
 def new generation   total 7424K, used 6656K [0x00000000e8800000, 0x00000000e9000000, 0x00000000f0550000)
  eden space 6656K, 100% used [0x00000000e8800000, 0x00000000e8e80000, 0x00000000e8e80000)
  from space 768K,   0% used [0x00000000e8e80000, 0x00000000e8e80000, 0x00000000e8f40000)
  to   space 768K,   0% used [0x00000000e8f40000, 0x00000000e8f40000, 0x00000000e9000000)
 tenured generation   total 16384K, used 0K [0x00000000f0550000, 0x00000000f1550000, 0x0000000100000000)
   the space 16384K,   0% used [0x00000000f0550000, 0x00000000f0550000, 0x00000000f0550200, 0x00000000f1550000)
 Metaspace       used 5503K, capacity 5592K, committed 5760K, reserved 1056768K
  class space    used 582K, capacity 628K, committed 640K, reserved 1048576K
Event: 0,726 GC heap after
Heap after GC invocations=1 (full 0):
 def new generation   total 7424K, used 768K [0x00000000e8800000, 0x00000000e9000000, 0x00000000f0550000)
  eden space 6656K,   0% used [0x00000000e8800000, 0x00000000e8800000, 0x00000000e8e80000)
  from space 768K, 100% used [0x00000000e8f40000, 0x00000000e9000000, 0x00000000e9000000)
  to   space 768K,   0% used [0x00000000e8e80000, 0x00000000e8e80000, 0x00000000e8f40000)
 tenured generation   total 16384K, used 681K [0x00000000f0550000, 0x00000000f1550000, 0x0000000100000000)
   the space 16384K,   4% used [0x00000000f0550000, 0x00000000f05fa5d8, 0x00000000f05fa600, 0x00000000f1550000)
 Metaspace       used 5503K, capacity 5592K, committed 5760K, reserved 1056768K
  class space    used 582K, capacity 628K, committed 640K, reserved 1048576K
}
Event: 3,057 GC heap before
{Heap before GC invocations=1 (full 0):
 def new generation   total 7424K, used 7422K [0x00000000e8800000, 0x00000000e9000000, 0x00000000f0550000)
  eden space 6656K,  99% used [0x00000000e8800000, 0x00000000e8e7f970, 0x00000000e8e80000)
  from space 768K, 100% used [0x00000000e8f40000, 0x00000000e9000000, 0x00000000e9000000)
  to   space 768K,   0% used [0x00000000e8e80000, 0x00000000e8e80000, 0x00000000e8f40000)
 tenured generation   total 16384K, used 681K [0x00000000f0550000, 0x00000000f1550000, 0x0000000100000000)
   the space 16384K,   4% used [0x00000000f0550000, 0x00000000f05fa5d8, 0x00000000f05fa600, 0x00000000f1550000)
 Metaspace       used 7975K, capacity 8140K, committed 8448K, reserved 1056768K
  class space    used 860K, capacity 924K, committed 1024K, reserved 1048576K
Event: 3,064 GC heap after
Heap after GC invocations=2 (full 0):
 def new generation   total 7424K, used 767K [0x00000000e8800000, 0x00000000e9000000, 0x00000000f0550000)
  eden space 6656K,   0% used [0x00000000e8800000, 0x00000000e8800000, 0x00000000e8e80000)
  from space 768K,  99% used [0x00000000e8e80000, 0x00000000e8f3fff8, 0x00000000e8f40000)
  to   space 768K,   0% used [0x00000000e8f40000, 0x00000000e8f40000, 0x00000000e9000000)
 tenured generation   total 16384K, used 1734K [0x00000000f0550000, 0x00000000f1550000, 0x0000000100000000)
   the space 16384K,  10% used [0x00000000f0550000, 0x00000000f07018c8, 0x00000000f0701a00, 0x00000000f1550000)
 Metaspace       used 7975K, capacity 8140K, committed 8448K, reserved 1056768K
  class space    used 860K, capacity 924K, committed 1024K, reserved 1048576K
}

Deoptimization events (0 events):
No events

Internal exceptions (10 events):
Event: 0,285 Thread 0x00007f6b8400b000 Exception <a 'java/security/PrivilegedActionException'> (0x00000000e88e3100) thrown at [/build/buildd/openjdk-8-8u45-b14/src/hotspot/src/share/vm/prims/jvm.cpp, line 1382]
Event: 0,648 Thread 0x00007f6b8400b000 Exception <a 'java/security/PrivilegedActionException'> (0x00000000e8c66b68) thrown at [/build/buildd/openjdk-8-8u45-b14/src/hotspot/src/share/vm/prims/jvm.cpp, line 1382]
Event: 0,648 Thread 0x00007f6b8400b000 Exception <a 'java/security/PrivilegedActionException'> (0x00000000e8c66d20) thrown at [/build/buildd/openjdk-8-8u45-b14/src/hotspot/src/share/vm/prims/jvm.cpp, line 1382]
Event: 0,648 Thread 0x00007f6b8400b000 Exception <a 'java/security/PrivilegedActionException'> (0x00000000e8c68cd8) thrown at [/build/buildd/openjdk-8-8u45-b14/src/hotspot/src/share/vm/prims/jvm.cpp, line 1382]
Event: 0,648 Thread 0x00007f6b8400b000 Exception <a 'java/security/PrivilegedActionException'> (0x00000000e8c68e90) thrown at [/build/buildd/openjdk-8-8u45-b14/src/hotspot/src/share/vm/prims/jvm.cpp, line 1382]
Event: 0,648 Thread 0x00007f6b8400b000 Exception <a 'java/security/PrivilegedActionException'> (0x00000000e8c698b0) thrown at [/build/buildd/openjdk-8-8u45-b14/src/hotspot/src/share/vm/prims/jvm.cpp, line 1382]
Event: 0,648 Thread 0x00007f6b8400b000 Exception <a 'java/security/PrivilegedActionException'> (0x00000000e8c69a68) thrown at [/build/buildd/openjdk-8-8u45-b14/src/hotspot/src/share/vm/prims/jvm.cpp, line 1382]
Event: 0,655 Thread 0x00007f6b8400b000 Exception <a 'java/lang/NoClassDefFoundError': org/slf4j/Logger> (0x00000000e8c80000) thrown at [/build/buildd/openjdk-8-8u45-b14/src/hotspot/src/share/vm/classfile/systemDictionary.cpp, line 199]
Event: 2,904 Thread 0x00007f6b84258800 Exception <a 'java/lang/NoSuchFieldError': method resolution failed> (0x00000000e8b4b778) thrown at [/build/buildd/openjdk-8-8u45-b14/src/hotspot/src/share/vm/prims/methodHandles.cpp, line 1125]
Event: 2,907 Thread 0x00007f6b84258800 Exception <a 'java/lang/NoSuchFieldError': method resolution failed> (0x00000000e8b5ac38) thrown at [/build/buildd/openjdk-8-8u45-b14/src/hotspot/src/share/vm/prims/methodHandles.cpp, line 1125]

Events (10 events):
Event: 335,809 Executing VM operation: RevokeBias
Event: 335,809 Executing VM operation: RevokeBias done
Event: 335,809 Executing VM operation: RevokeBias
Event: 335,809 Executing VM operation: RevokeBias done
Event: 335,810 Executing VM operation: RevokeBias
Event: 335,810 Executing VM operation: RevokeBias done
Event: 335,867 Executing VM operation: RevokeBias
Event: 335,868 Executing VM operation: RevokeBias done
Event: 339,651 Executing VM operation: RevokeBias
Event: 339,651 Executing VM operation: RevokeBias done


Dynamic libraries:
00400000-00401000 r-xp 00000000 08:01 317377                             /usr/lib/jvm/java-8-openjdk-amd64/jre/bin/java
00600000-00601000 r--p 00000000 08:01 317377                             /usr/lib/jvm/java-8-openjdk-amd64/jre/bin/java
00601000-00602000 rw-p 00001000 08:01 317377                             /usr/lib/jvm/java-8-openjdk-amd64/jre/bin/java
00fe4000-01005000 rw-p 00000000 00:00 0                                  [heap]
e8800000-e9000000 rw-p 00000000 00:00 0 
e9000000-f0550000 ---p 00000000 00:00 0 
f0550000-f1550000 rw-p 00000000 00:00 0 
f1550000-100000000 ---p 00000000 00:00 0 
100000000-100100000 rw-p 00000000 00:00 0 
100100000-140000000 ---p 00000000 00:00 0 
7f6b38000000-7f6b38021000 rw-p 00000000 00:00 0 
7f6b38021000-7f6b3c000000 ---p 00000000 00:00 0 
7f6b3c000000-7f6b3c035000 rw-p 00000000 00:00 0 
7f6b3c035000-7f6b40000000 ---p 00000000 00:00 0 
7f6b40000000-7f6b40034000 rw-p 00000000 00:00 0 
7f6b40034000-7f6b44000000 ---p 00000000 00:00 0 
7f6b44000000-7f6b44021000 rw-p 00000000 00:00 0 
7f6b44021000-7f6b48000000 ---p 00000000 00:00 0 
7f6b48000000-7f6b48299000 rw-p 00000000 00:00 0 
7f6b48299000-7f6b4c000000 ---p 00000000 00:00 0 
7f6b4c000000-7f6b4c02e000 rw-p 00000000 00:00 0 
7f6b4c02e000-7f6b50000000 ---p 00000000 00:00 0 
7f6b50000000-7f6b50021000 rw-p 00000000 00:00 0 
7f6b50021000-7f6b54000000 ---p 00000000 00:00 0 
7f6b54000000-7f6b54021000 rw-p 00000000 00:00 0 
7f6b54021000-7f6b58000000 ---p 00000000 00:00 0 
7f6b58000000-7f6b58207000 rw-p 00000000 00:00 0 
7f6b58207000-7f6b5c000000 ---p 00000000 00:00 0 
7f6b5c000000-7f6b5c2fb000 rw-p 00000000 00:00 0 
7f6b5c2fb000-7f6b60000000 ---p 00000000 00:00 0 
7f6b60000000-7f6b60021000 rw-p 00000000 00:00 0 
7f6b60021000-7f6b64000000 ---p 00000000 00:00 0 
7f6b64000000-7f6b64021000 rw-p 00000000 00:00 0 
7f6b64021000-7f6b68000000 ---p 00000000 00:00 0 
7f6b68000000-7f6b68021000 rw-p 00000000 00:00 0 
7f6b68021000-7f6b6c000000 ---p 00000000 00:00 0 
7f6b6d634000-7f6b6d645000 r-xp 00000000 08:01 317327                     /usr/lib/jvm/java-8-openjdk-amd64/jre/lib/amd64/libnio.so
7f6b6d645000-7f6b6d844000 ---p 00011000 08:01 317327                     /usr/lib/jvm/java-8-openjdk-amd64/jre/lib/amd64/libnio.so
7f6b6d844000-7f6b6d845000 r--p 00010000 08:01 317327                     /usr/lib/jvm/java-8-openjdk-amd64/jre/lib/amd64/libnio.so
7f6b6d845000-7f6b6d846000 rw-p 00011000 08:01 317327                     /usr/lib/jvm/java-8-openjdk-amd64/jre/lib/amd64/libnio.so
7f6b6d846000-7f6b6db47000 rw-p 00000000 00:00 0 
7f6b6db47000-7f6b6db5e000 r-xp 00000000 08:01 317309                     /usr/lib/jvm/java-8-openjdk-amd64/jre/lib/amd64/libnet.so
7f6b6db5e000-7f6b6dd5d000 ---p 00017000 08:01 317309                     /usr/lib/jvm/java-8-openjdk-amd64/jre/lib/amd64/libnet.so
7f6b6dd5d000-7f6b6dd5e000 r--p 00016000 08:01 317309                     /usr/lib/jvm/java-8-openjdk-amd64/jre/lib/amd64/libnet.so
7f6b6dd5e000-7f6b6dd5f000 rw-p 00017000 08:01 317309                     /usr/lib/jvm/java-8-openjdk-amd64/jre/lib/amd64/libnet.so
7f6b6dd5f000-7f6b6dd62000 ---p 00000000 00:00 0 
7f6b6dd62000-7f6b6de60000 rw-p 00000000 00:00 0                          [stack:18713]
7f6b6de60000-7f6b6de63000 ---p 00000000 00:00 0 
7f6b6de63000-7f6b6df61000 rw-p 00000000 00:00 0                          [stack:18712]
7f6b6df61000-7f6b6df64000 ---p 00000000 00:00 0 
7f6b6df64000-7f6b6e062000 rw-p 00000000 00:00 0                          [stack:18711]
7f6b6e062000-7f6b6e065000 ---p 00000000 00:00 0 
7f6b6e065000-7f6b6e163000 rw-p 00000000 00:00 0                          [stack:18710]
7f6b6e163000-7f6b6e166000 ---p 00000000 00:00 0 
7f6b6e166000-7f6b6e264000 rw-p 00000000 00:00 0                          [stack:18709]
7f6b6e264000-7f6b6e267000 ---p 00000000 00:00 0 
7f6b6e267000-7f6b6e365000 rw-p 00000000 00:00 0                          [stack:18708]
7f6b6e365000-7f6b6e368000 ---p 00000000 00:00 0 
7f6b6e368000-7f6b6e466000 rw-p 00000000 00:00 0                          [stack:18707]
7f6b6e466000-7f6b6e469000 ---p 00000000 00:00 0 
7f6b6e469000-7f6b6e567000 rw-p 00000000 00:00 0                          [stack:18706]
7f6b6e567000-7f6b6e568000 ---p 00000000 00:00 0 
7f6b6e568000-7f6b6e668000 rw-p 00000000 00:00 0                          [stack:18702]
7f6b6e668000-7f6b6e66b000 ---p 00000000 00:00 0 
7f6b6e66b000-7f6b6e769000 rw-p 00000000 00:00 0                          [stack:18701]
7f6b6e769000-7f6b6e76c000 ---p 00000000 00:00 0 
7f6b6e76c000-7f6b6e86a000 rw-p 00000000 00:00 0                          [stack:18700]
7f6b6e86a000-7f6b6e86d000 ---p 00000000 00:00 0 
7f6b6e86d000-7f6b6e96b000 rw-p 00000000 00:00 0                          [stack:18699]
7f6b6e96b000-7f6b6e970000 r-xp 00000000 08:01 274319                     /usr/lib/x86_64-linux-gnu/libXdmcp.so.6.0.0
7f6b6e970000-7f6b6eb6f000 ---p 00005000 08:01 274319                     /usr/lib/x86_64-linux-gnu/libXdmcp.so.6.0.0
7f6b6eb6f000-7f6b6eb70000 r--p 00004000 08:01 274319                     /usr/lib/x86_64-linux-gnu/libXdmcp.so.6.0.0
7f6b6eb70000-7f6b6eb71000 rw-p 00005000 08:01 274319                     /usr/lib/x86_64-linux-gnu/libXdmcp.so.6.0.0
7f6b6eb71000-7f6b6eb73000 r-xp 00000000 08:01 274308                     /usr/lib/x86_64-linux-gnu/libXau.so.6.0.0
7f6b6eb73000-7f6b6ed73000 ---p 00002000 08:01 274308                     /usr/lib/x86_64-linux-gnu/libXau.so.6.0.0
7f6b6ed73000-7f6b6ed74000 r--p 00002000 08:01 274308                     /usr/lib/x86_64-linux-gnu/libXau.so.6.0.0
7f6b6ed74000-7f6b6ed75000 rw-p 00003000 08:01 274308                     /usr/lib/x86_64-linux-gnu/libXau.so.6.0.0
7f6b6ed75000-7f6b6ed92000 r-xp 00000000 08:01 275506                     /usr/lib/x86_64-linux-gnu/libxcb.so.1.1.0
7f6b6ed92000-7f6b6ef92000 ---p 0001d000 08:01 275506                     /usr/lib/x86_64-linux-gnu/libxcb.so.1.1.0
7f6b6ef92000-7f6b6ef93000 r--p 0001d000 08:01 275506                     /usr/lib/x86_64-linux-gnu/libxcb.so.1.1.0
7f6b6ef93000-7f6b6ef94000 rw-p 0001e000 08:01 275506                     /usr/lib/x86_64-linux-gnu/libxcb.so.1.1.0
7f6b6ef94000-7f6b6f0c7000 r-xp 00000000 08:01 274304                     /usr/lib/x86_64-linux-gnu/libX11.so.6.3.0
7f6b6f0c7000-7f6b6f2c7000 ---p 00133000 08:01 274304                     /usr/lib/x86_64-linux-gnu/libX11.so.6.3.0
7f6b6f2c7000-7f6b6f2c8000 r--p 00133000 08:01 274304                     /usr/lib/x86_64-linux-gnu/libX11.so.6.3.0
7f6b6f2c8000-7f6b6f2cc000 rw-p 00134000 08:01 274304                     /usr/lib/x86_64-linux-gnu/libX11.so.6.3.0
7f6b6f2cc000-7f6b6f2cd000 rw-p 00000000 00:00 0 
7f6b6f2e6000-7f6b6f2e8000 r-xp 00000000 08:01 270676                     /usr/lib/jayatana/libjayatanaag.so
7f6b6f2e8000-7f6b6f4e7000 ---p 00002000 08:01 270676                     /usr/lib/jayatana/libjayatanaag.so
7f6b6f4e7000-7f6b6f4e8000 r--p 00001000 08:01 270676                     /usr/lib/jayatana/libjayatanaag.so
7f6b6f4e8000-7f6b6f4e9000 rw-p 00002000 08:01 270676                     /usr/lib/jayatana/libjayatanaag.so
7f6b6f4e9000-7f6b6f4ec000 ---p 00000000 00:00 0 
7f6b6f4ec000-7f6b6f5ea000 rw-p 00000000 00:00 0                          [stack:18698]
7f6b6f5ea000-7f6b6fdfe000 r--p 00000000 08:01 270782                     /usr/lib/locale/locale-archive
7f6b6fdfe000-7f6b6fe01000 ---p 00000000 00:00 0 
7f6b6fe01000-7f6b6feff000 rw-p 00000000 00:00 0                          [stack:18697]
7f6b6feff000-7f6b6ff02000 ---p 00000000 00:00 0 
7f6b6ff02000-7f6b70000000 rw-p 00000000 00:00 0                          [stack:18696]
7f6b70000000-7f6b70021000 rw-p 00000000 00:00 0 
7f6b70021000-7f6b74000000 ---p 00000000 00:00 0 
7f6b74007000-7f6b74009000 r--s 00006000 08:01 427597                     /usr/share/java/jayatana.jar
7f6b74009000-7f6b7400c000 r--s 00015000 08:01 317365                     /usr/lib/jvm/java-8-openjdk-amd64/jre/lib/jce.jar
7f6b7400c000-7f6b74011000 r--s 00094000 08:01 317336                     /usr/lib/jvm/java-8-openjdk-amd64/jre/lib/jsse.jar
7f6b74011000-7f6b74015000 r--s 0001b000 08:01 66016                      /home/inal/Загрузки/msgpack-core-0.7.0-p9.jar
7f6b74015000-7f6b74031000 r--s 00393000 08:01 317341                     /usr/lib/jvm/java-8-openjdk-amd64/jre/lib/ext/cldrdata.jar
7f6b74031000-7f6b74032000 ---p 00000000 00:00 0 
7f6b74032000-7f6b7417f000 rw-p 00000000 00:00 0                          [stack:18695]
7f6b7417f000-7f6b7434c000 r--s 03bd3000 08:01 317364                     /usr/lib/jvm/java-8-openjdk-amd64/jre/lib/rt.jar
7f6b7434c000-7f6b74b42000 rw-p 00000000 00:00 0 
7f6b74b42000-7f6b74bc2000 ---p 00000000 00:00 0 
7f6b74bc2000-7f6b74bcb000 rw-p 00000000 00:00 0 
7f6b74bcb000-7f6b74c40000 ---p 00000000 00:00 0 
7f6b74c40000-7f6b74c4b000 rw-p 00000000 00:00 0 
7f6b74c4b000-7f6b75000000 ---p 00000000 00:00 0 
7f6b75000000-7f6b752b0000 rwxp 00000000 00:00 0 
7f6b752b0000-7f6b84000000 ---p 00000000 00:00 0 
7f6b84000000-7f6b84478000 rw-p 00000000 00:00 0 
7f6b84478000-7f6b88000000 ---p 00000000 00:00 0 
7f6b88000000-7f6b88001000 rw-p 00000000 00:00 0 
7f6b88001000-7f6b88003000 r--s 00003000 08:01 66019                      /home/inal/Загрузки/jackson-dataformat-msgpack-0.7.0-p9.jar
7f6b88003000-7f6b88006000 r--s 0002e000 08:01 79942                      /home/inal/jetty/jetty-distribution-8.1.17.v20150415/lib/servlet-api-3.0.jar
7f6b88006000-7f6b88009000 r--s 0001d000 08:01 79923                      /home/inal/jetty/jetty-distribution-8.1.17.v20150415/lib/jetty-websocket-8.1.17.v20150415.jar
7f6b88009000-7f6b8800e000 r--s 00042000 08:01 79921                      /home/inal/jetty/jetty-distribution-8.1.17.v20150415/lib/jetty-util-8.1.17.v20150415.jar
7f6b8800e000-7f6b88013000 r--s 00053000 08:01 79918                      /home/inal/jetty/jetty-distribution-8.1.17.v20150415/lib/jetty-server-8.1.17.v20150415.jar
7f6b88013000-7f6b88015000 r--s 00018000 08:01 79910                      /home/inal/jetty/jetty-distribution-8.1.17.v20150415/lib/jetty-io-8.1.17.v20150415.jar
7f6b88015000-7f6b88017000 r--s 00016000 08:01 79909                      /home/inal/jetty/jetty-distribution-8.1.17.v20150415/lib/jetty-http-8.1.17.v20150415.jar
7f6b88017000-7f6b88022000 r--s 00116000 08:01 317344                     /usr/lib/jvm/java-8-openjdk-amd64/jre/lib/ext/localedata.jar
7f6b88022000-7f6b8807d000 rw-p 00000000 00:00 0 
7f6b8807d000-7f6b88085000 r-xp 00000000 08:01 317302                     /usr/lib/jvm/java-8-openjdk-amd64/jre/lib/amd64/libzip.so
7f6b88085000-7f6b88284000 ---p 00008000 08:01 317302                     /usr/lib/jvm/java-8-openjdk-amd64/jre/lib/amd64/libzip.so
7f6b88284000-7f6b88285000 r--p 00007000 08:01 317302                     /usr/lib/jvm/java-8-openjdk-amd64/jre/lib/amd64/libzip.so
7f6b88285000-7f6b88286000 rw-p 00008000 08:01 317302                     /usr/lib/jvm/java-8-openjdk-amd64/jre/lib/amd64/libzip.so
7f6b88286000-7f6b88292000 r-xp 00000000 08:01 138488                     /lib/x86_64-linux-gnu/libnss_files-2.21.so
7f6b88292000-7f6b88491000 ---p 0000c000 08:01 138488                     /lib/x86_64-linux-gnu/libnss_files-2.21.so
7f6b88491000-7f6b88492000 r--p 0000b000 08:01 138488                     /lib/x86_64-linux-gnu/libnss_files-2.21.so
7f6b88492000-7f6b88493000 rw-p 0000c000 08:01 138488                     /lib/x86_64-linux-gnu/libnss_files-2.21.so
7f6b88493000-7f6b8849e000 r-xp 00000000 08:01 138498                     /lib/x86_64-linux-gnu/libnss_nis-2.21.so
7f6b8849e000-7f6b8869d000 ---p 0000b000 08:01 138498                     /lib/x86_64-linux-gnu/libnss_nis-2.21.so
7f6b8869d000-7f6b8869e000 r--p 0000a000 08:01 138498                     /lib/x86_64-linux-gnu/libnss_nis-2.21.so
7f6b8869e000-7f6b8869f000 rw-p 0000b000 08:01 138498                     /lib/x86_64-linux-gnu/libnss_nis-2.21.so
7f6b8869f000-7f6b886b6000 r-xp 00000000 08:01 138482                     /lib/x86_64-linux-gnu/libnsl-2.21.so
7f6b886b6000-7f6b888b5000 ---p 00017000 08:01 138482                     /lib/x86_64-linux-gnu/libnsl-2.21.so
7f6b888b5000-7f6b888b6000 r--p 00016000 08:01 138482                     /lib/x86_64-linux-gnu/libnsl-2.21.so
7f6b888b6000-7f6b888b7000 rw-p 00017000 08:01 138482                     /lib/x86_64-linux-gnu/libnsl-2.21.so
7f6b888b7000-7f6b888b9000 rw-p 00000000 00:00 0 
7f6b888b9000-7f6b888c1000 r-xp 00000000 08:01 138484                     /lib/x86_64-linux-gnu/libnss_compat-2.21.so
7f6b888c1000-7f6b88ac0000 ---p 00008000 08:01 138484                     /lib/x86_64-linux-gnu/libnss_compat-2.21.so
7f6b88ac0000-7f6b88ac1000 r--p 00007000 08:01 138484                     /lib/x86_64-linux-gnu/libnss_compat-2.21.so
7f6b88ac1000-7f6b88ac2000 rw-p 00008000 08:01 138484                     /lib/x86_64-linux-gnu/libnss_compat-2.21.so
7f6b88ac2000-7f6b88acc000 r-xp 00000000 08:01 317321                     /usr/lib/jvm/java-8-openjdk-amd64/jre/lib/amd64/libinstrument.so
7f6b88acc000-7f6b88ccb000 ---p 0000a000 08:01 317321                     /usr/lib/jvm/java-8-openjdk-amd64/jre/lib/amd64/libinstrument.so
7f6b88ccb000-7f6b88ccc000 r--p 00009000 08:01 317321                     /usr/lib/jvm/java-8-openjdk-amd64/jre/lib/amd64/libinstrument.so
7f6b88ccc000-7f6b88ccd000 rw-p 0000a000 08:01 317321                     /usr/lib/jvm/java-8-openjdk-amd64/jre/lib/amd64/libinstrument.so
7f6b88ccd000-7f6b88cfb000 r-xp 00000000 08:01 317299                     /usr/lib/jvm/java-8-openjdk-amd64/jre/lib/amd64/libjava.so
7f6b88cfb000-7f6b88efa000 ---p 0002e000 08:01 317299                     /usr/lib/jvm/java-8-openjdk-amd64/jre/lib/amd64/libjava.so
7f6b88efa000-7f6b88efb000 r--p 0002d000 08:01 317299                     /usr/lib/jvm/java-8-openjdk-amd64/jre/lib/amd64/libjava.so
7f6b88efb000-7f6b88efd000 rw-p 0002e000 08:01 317299                     /usr/lib/jvm/java-8-openjdk-amd64/jre/lib/amd64/libjava.so
7f6b88efd000-7f6b88f0c000 r-xp 00000000 08:01 317314                     /usr/lib/jvm/java-8-openjdk-amd64/jre/lib/amd64/libverify.so
7f6b88f0c000-7f6b8910c000 ---p 0000f000 08:01 317314                     /usr/lib/jvm/java-8-openjdk-amd64/jre/lib/amd64/libverify.so
7f6b8910c000-7f6b8910f000 r--p 0000f000 08:01 317314                     /usr/lib/jvm/java-8-openjdk-amd64/jre/lib/amd64/libverify.so
7f6b8910f000-7f6b89110000 rw-p 00012000 08:01 317314                     /usr/lib/jvm/java-8-openjdk-amd64/jre/lib/amd64/libverify.so
7f6b89110000-7f6b89117000 r-xp 00000000 08:01 138543                     /lib/x86_64-linux-gnu/librt-2.21.so
7f6b89117000-7f6b89316000 ---p 00007000 08:01 138543                     /lib/x86_64-linux-gnu/librt-2.21.so
7f6b89316000-7f6b89317000 r--p 00006000 08:01 138543                     /lib/x86_64-linux-gnu/librt-2.21.so
7f6b89317000-7f6b89318000 rw-p 00007000 08:01 138543                     /lib/x86_64-linux-gnu/librt-2.21.so
7f6b89318000-7f6b8932e000 r-xp 00000000 08:01 138431                     /lib/x86_64-linux-gnu/libgcc_s.so.1
7f6b8932e000-7f6b8952d000 ---p 00016000 08:01 138431                     /lib/x86_64-linux-gnu/libgcc_s.so.1
7f6b8952d000-7f6b8952e000 rw-p 00015000 08:01 138431                     /lib/x86_64-linux-gnu/libgcc_s.so.1
7f6b8952e000-7f6b89635000 r-xp 00000000 08:01 138461                     /lib/x86_64-linux-gnu/libm-2.21.so
7f6b89635000-7f6b89834000 ---p 00107000 08:01 138461                     /lib/x86_64-linux-gnu/libm-2.21.so
7f6b89834000-7f6b89835000 r--p 00106000 08:01 138461                     /lib/x86_64-linux-gnu/libm-2.21.so
7f6b89835000-7f6b89836000 rw-p 00107000 08:01 138461                     /lib/x86_64-linux-gnu/libm-2.21.so
7f6b89836000-7f6b89926000 r-xp 00000000 08:01 275300                     /usr/lib/x86_64-linux-gnu/libstdc++.so.6.0.20
7f6b89926000-7f6b89b26000 ---p 000f0000 08:01 275300                     /usr/lib/x86_64-linux-gnu/libstdc++.so.6.0.20
7f6b89b26000-7f6b89b2e000 r--p 000f0000 08:01 275300                     /usr/lib/x86_64-linux-gnu/libstdc++.so.6.0.20
7f6b89b2e000-7f6b89b30000 rw-p 000f8000 08:01 275300                     /usr/lib/x86_64-linux-gnu/libstdc++.so.6.0.20
7f6b89b30000-7f6b89b45000 rw-p 00000000 00:00 0 
7f6b89b45000-7f6b8a7d2000 r-xp 00000000 08:01 317325                     /usr/lib/jvm/java-8-openjdk-amd64/jre/lib/amd64/server/libjvm.so
7f6b8a7d2000-7f6b8a9d2000 ---p 00c8d000 08:01 317325                     /usr/lib/jvm/java-8-openjdk-amd64/jre/lib/amd64/server/libjvm.so
7f6b8a9d2000-7f6b8aa75000 r--p 00c8d000 08:01 317325                     /usr/lib/jvm/java-8-openjdk-amd64/jre/lib/amd64/server/libjvm.so
7f6b8aa75000-7f6b8aa9e000 rw-p 00d30000 08:01 317325                     /usr/lib/jvm/java-8-openjdk-amd64/jre/lib/amd64/server/libjvm.so
7f6b8aa9e000-7f6b8aacd000 rw-p 00000000 00:00 0 
7f6b8aacd000-7f6b8aae5000 r-xp 00000000 08:01 138535                     /lib/x86_64-linux-gnu/libpthread-2.21.so
7f6b8aae5000-7f6b8ace5000 ---p 00018000 08:01 138535                     /lib/x86_64-linux-gnu/libpthread-2.21.so
7f6b8ace5000-7f6b8ace6000 r--p 00018000 08:01 138535                     /lib/x86_64-linux-gnu/libpthread-2.21.so
7f6b8ace6000-7f6b8ace7000 rw-p 00019000 08:01 138535                     /lib/x86_64-linux-gnu/libpthread-2.21.so
7f6b8ace7000-7f6b8aceb000 rw-p 00000000 00:00 0 
7f6b8aceb000-7f6b8acee000 r-xp 00000000 08:01 138419                     /lib/x86_64-linux-gnu/libdl-2.21.so
7f6b8acee000-7f6b8aeed000 ---p 00003000 08:01 138419                     /lib/x86_64-linux-gnu/libdl-2.21.so
7f6b8aeed000-7f6b8aeee000 r--p 00002000 08:01 138419                     /lib/x86_64-linux-gnu/libdl-2.21.so
7f6b8aeee000-7f6b8aeef000 rw-p 00003000 08:01 138419                     /lib/x86_64-linux-gnu/libdl-2.21.so
7f6b8aeef000-7f6b8af08000 r-xp 00000000 08:01 138576                     /lib/x86_64-linux-gnu/libz.so.1.2.8
7f6b8af08000-7f6b8b108000 ---p 00019000 08:01 138576                     /lib/x86_64-linux-gnu/libz.so.1.2.8
7f6b8b108000-7f6b8b109000 r--p 00019000 08:01 138576                     /lib/x86_64-linux-gnu/libz.so.1.2.8
7f6b8b109000-7f6b8b10a000 rw-p 0001a000 08:01 138576                     /lib/x86_64-linux-gnu/libz.so.1.2.8
7f6b8b10a000-7f6b8b2ca000 r-xp 00000000 08:01 138402                     /lib/x86_64-linux-gnu/libc-2.21.so
7f6b8b2ca000-7f6b8b4ca000 ---p 001c0000 08:01 138402                     /lib/x86_64-linux-gnu/libc-2.21.so
7f6b8b4ca000-7f6b8b4ce000 r--p 001c0000 08:01 138402                     /lib/x86_64-linux-gnu/libc-2.21.so
7f6b8b4ce000-7f6b8b4d0000 rw-p 001c4000 08:01 138402                     /lib/x86_64-linux-gnu/libc-2.21.so
7f6b8b4d0000-7f6b8b4d4000 rw-p 00000000 00:00 0 
7f6b8b4d4000-7f6b8b4e2000 r-xp 00000000 08:01 317331                     /usr/lib/jvm/java-8-openjdk-amd64/jre/lib/amd64/jli/libjli.so
7f6b8b4e2000-7f6b8b6e1000 ---p 0000e000 08:01 317331                     /usr/lib/jvm/java-8-openjdk-amd64/jre/lib/amd64/jli/libjli.so
7f6b8b6e1000-7f6b8b6e2000 r--p 0000d000 08:01 317331                     /usr/lib/jvm/java-8-openjdk-amd64/jre/lib/amd64/jli/libjli.so
7f6b8b6e2000-7f6b8b6e3000 rw-p 0000e000 08:01 317331                     /usr/lib/jvm/java-8-openjdk-amd64/jre/lib/amd64/jli/libjli.so
7f6b8b6e3000-7f6b8b707000 r-xp 00000000 08:01 138374                     /lib/x86_64-linux-gnu/ld-2.21.so
7f6b8b707000-7f6b8b708000 r--s 00000000 08:01 427598                     /usr/share/java/jayatanaag.jar
7f6b8b708000-7f6b8b70e000 r--s 0003a000 08:01 317346                     /usr/lib/jvm/java-8-openjdk-amd64/jre/lib/ext/sunjce_provider.jar
7f6b8b70e000-7f6b8b728000 r--s 001d3000 08:01 317342                     /usr/lib/jvm/java-8-openjdk-amd64/jre/lib/ext/nashorn.jar
7f6b8b728000-7f6b8b72c000 rw-p 00000000 00:00 0 
7f6b8b72c000-7f6b8b766000 ---p 00000000 00:00 0 
7f6b8b766000-7f6b8b76f000 rw-p 00000000 00:00 0 
7f6b8b76f000-7f6b8b7e4000 ---p 00000000 00:00 0 
7f6b8b7e4000-7f6b8b7e5000 rw-p 00000000 00:00 0 
7f6b8b7e5000-7f6b8b7e8000 ---p 00000000 00:00 0 
7f6b8b7e8000-7f6b8b8eb000 rw-p 00000000 00:00 0                          [stack:18690]
7f6b8b8eb000-7f6b8b8ec000 r--s 00005000 08:01 77936                      /home/inal/json/json-simple-1.1.1.jar
7f6b8b8ec000-7f6b8b8ee000 r--s 00004000 08:01 79907                      /home/inal/jetty/jetty-distribution-8.1.17.v20150415/lib/jetty-continuation-8.1.17.v20150415.jar
7f6b8b8ee000-7f6b8b8ef000 r--s 00008000 08:01 317343                     /usr/lib/jvm/java-8-openjdk-amd64/jre/lib/ext/sunec.jar
7f6b8b8ef000-7f6b8b8f2000 r--s 00037000 08:01 317349                     /usr/lib/jvm/java-8-openjdk-amd64/jre/lib/ext/sunpkcs11.jar
7f6b8b8f2000-7f6b8b8f5000 r--s 0000f000 08:01 317348                     /usr/lib/jvm/java-8-openjdk-amd64/jre/lib/ext/icedtea-sound.jar
7f6b8b8f5000-7f6b8b8f7000 r--s 00006000 08:01 453479                     /usr/share/java/java-atk-wrapper.jar
7f6b8b8f7000-7f6b8b8f8000 r--s 00010000 08:01 317345                     /usr/lib/jvm/java-8-openjdk-amd64/jre/lib/ext/zipfs.jar
7f6b8b8f8000-7f6b8b8fa000 r--s 00001000 08:01 317347                     /usr/lib/jvm/java-8-openjdk-amd64/jre/lib/ext/dnsns.jar
7f6b8b8fa000-7f6b8b902000 rw-s 00000000 08:01 66416                      /tmp/hsperfdata_inal/18688
7f6b8b902000-7f6b8b903000 rw-p 00000000 00:00 0 
7f6b8b903000-7f6b8b904000 r--p 00000000 00:00 0 
7f6b8b904000-7f6b8b906000 rw-p 00000000 00:00 0 
7f6b8b906000-7f6b8b907000 r--p 00023000 08:01 138374                     /lib/x86_64-linux-gnu/ld-2.21.so
7f6b8b907000-7f6b8b908000 rw-p 00024000 08:01 138374                     /lib/x86_64-linux-gnu/ld-2.21.so
7f6b8b908000-7f6b8b909000 rw-p 00000000 00:00 0 
7ffcaa6f9000-7ffcaa71a000 rw-p 00000000 00:00 0                          [stack]
7ffcaa752000-7ffcaa754000 r--p 00000000 00:00 0                          [vvar]
7ffcaa754000-7ffcaa756000 r-xp 00000000 00:00 0                          [vdso]
ffffffffff600000-ffffffffff601000 r-xp 00000000 00:00 0                  [vsyscall]

VM Arguments:
jvm_args: -javaagent:/usr/share/java/jayatanaag.jar -Dfile.encoding=UTF-8 
java_command: StagAppServer.WsProxy
java_class_path (initial): /home/inal/workspace/StagAppServer/bin:/home/inal/jetty/jetty-distribution-8.1.17.v20150415/lib/jetty-continuation-8.1.17.v20150415.jar:/home/inal/jetty/jetty-distribution-8.1.17.v20150415/lib/jetty-http-8.1.17.v20150415.jar:/home/inal/jetty/jetty-distribution-8.1.17.v20150415/lib/jetty-io-8.1.17.v20150415.jar:/home/inal/jetty/jetty-distribution-8.1.17.v20150415/lib/jetty-server-8.1.17.v20150415.jar:/home/inal/jetty/jetty-distribution-8.1.17.v20150415/lib/jetty-util-8.1.17.v20150415.jar:/home/inal/jetty/jetty-distribution-8.1.17.v20150415/lib/jetty-websocket-8.1.17.v20150415.jar:/home/inal/jetty/jetty-distribution-8.1.17.v20150415/lib/servlet-api-3.0.jar:/home/inal/json/json-simple-1.1.1.jar:/home/inal/Загрузки/msgpack-core-0.7.0-p9.jar:/home/inal/Загрузки/jackson-dataformat-msgpack-0.7.0-p9.jar:/usr/share/java/jayatanaag.jar
Launcher Type: SUN_STANDARD

Environment Variables:
JAVA_TOOL_OPTIONS=-javaagent:/usr/share/java/jayatanaag.jar 
PATH=/usr/local/sbin:/usr/local/bin:/usr/sbin:/usr/bin:/sbin:/bin:/usr/games:/usr/local/games:/usr/lib/postgresql/9.4/bin
SHELL=/bin/bash
DISPLAY=:0

Signal Handlers:
SIGSEGV: [libjvm.so+0xa90d80], sa_mask[0]=11111111011111111101111111111110, sa_flags=SA_RESTART|SA_SIGINFO
SIGBUS: [libjvm.so+0xa90d80], sa_mask[0]=11111111011111111101111111111110, sa_flags=SA_RESTART|SA_SIGINFO
SIGFPE: [libjvm.so+0x8dbc70], sa_mask[0]=11111111011111111101111111111110, sa_flags=SA_RESTART|SA_SIGINFO
SIGPIPE: [libjvm.so+0x8dbc70], sa_mask[0]=11111111011111111101111111111110, sa_flags=SA_RESTART|SA_SIGINFO
SIGXFSZ: [libjvm.so+0x8dbc70], sa_mask[0]=11111111011111111101111111111110, sa_flags=SA_RESTART|SA_SIGINFO
SIGILL: [libjvm.so+0x8dbc70], sa_mask[0]=11111111011111111101111111111110, sa_flags=SA_RESTART|SA_SIGINFO
SIGUSR1: SIG_DFL, sa_mask[0]=00000000000000000000000000000000, sa_flags=none
SIGUSR2: [libjvm.so+0x8dbb20], sa_mask[0]=00100000000000000000000000000000, sa_flags=SA_RESTART|SA_SIGINFO
SIGHUP: [libjvm.so+0x8dbd40], sa_mask[0]=11111111011111111101111111111110, sa_flags=SA_RESTART|SA_SIGINFO
SIGINT: [libjvm.so+0x8dbd40], sa_mask[0]=11111111011111111101111111111110, sa_flags=SA_RESTART|SA_SIGINFO
SIGTERM: [libjvm.so+0x8dbd40], sa_mask[0]=11111111011111111101111111111110, sa_flags=SA_RESTART|SA_SIGINFO
SIGQUIT: [libjvm.so+0x8dbd40], sa_mask[0]=11111111011111111101111111111110, sa_flags=SA_RESTART|SA_SIGINFO


---------------  S Y S T E M  ---------------

OS:DISTRIB_ID=Ubuntu
DISTRIB_RELEASE=15.04
DISTRIB_CODENAME=vivid
DISTRIB_DESCRIPTION="Ubuntu 15.04"

uname:Linux 3.19.0-18-generic #18-Ubuntu SMP Tue May 19 18:31:35 UTC 2015 x86_64
libc:glibc 2.21 NPTL 2.21 
rlimit: STACK 8192k, CORE 0k, NPROC 5908, NOFILE 65536, AS infinity
load average:0,08 0,09 0,11

/proc/meminfo:
MemTotal:        1534944 kB
MemFree:          171188 kB
MemAvailable:     506332 kB
Buffers:           40276 kB
Cached:           414712 kB
SwapCached:          908 kB
Active:           971792 kB
Inactive:         298980 kB
Active(anon):     737028 kB
Inactive(anon):    99896 kB
Active(file):     234764 kB
Inactive(file):   199084 kB
Unevictable:           0 kB
Mlocked:               0 kB
SwapTotal:        522236 kB
SwapFree:         521264 kB
Dirty:                32 kB
Writeback:             0 kB
AnonPages:        814888 kB
Mapped:           186256 kB
Shmem:             21144 kB
Slab:              47280 kB
SReclaimable:      27840 kB
SUnreclaim:        19440 kB
KernelStack:        5616 kB
PageTables:        25368 kB
NFS_Unstable:          0 kB
Bounce:                0 kB
WritebackTmp:          0 kB
CommitLimit:     1289708 kB
Committed_AS:    2927356 kB
VmallocTotal:   34359738367 kB
VmallocUsed:       27760 kB
VmallocChunk:   34359707528 kB
HardwareCorrupted:     0 kB
AnonHugePages:    526336 kB
CmaTotal:              0 kB
CmaFree:               0 kB
HugePages_Total:       0
HugePages_Free:        0
HugePages_Rsvd:        0
HugePages_Surp:        0
Hugepagesize:       2048 kB
DirectMap4k:       75712 kB
DirectMap2M:     1501184 kB


CPU:total 2 (2 cores per cpu, 1 threads per core) family 16 model 4 stepping 3, cmov, cx8, fxsr, mmx, sse, sse2, sse3, 3dnowpref, tsc

/proc/cpuinfo:
processor	: 0
vendor_id	: AuthenticAMD
cpu family	: 16
model		: 4
model name	: AMD Phenom(tm) II X4 B55 Processor
stepping	: 3
microcode	: 0x1000086
cpu MHz		: 3213.664
cache size	: 512 KB
physical id	: 0
siblings	: 2
core id		: 0
cpu cores	: 2
apicid		: 0
initial apicid	: 0
fpu		: yes
fpu_exception	: yes
cpuid level	: 5
wp		: yes
flags		: fpu vme de pse tsc msr pae mce cx8 apic sep mtrr pge mca cmov pat pse36 clflush mmx fxsr sse sse2 ht syscall nx fxsr_opt rdtscp lm 3dnowext 3dnow rep_good nopl extd_apicid pni lahf_lm cmp_legacy cr8_legacy vmmcall
bugs		: tlb_mmatch apic_c1e fxsave_leak
bogomips	: 6427.32
TLB size	: 1024 4K pages
clflush size	: 64
cache_alignment	: 64
address sizes	: 48 bits physical, 48 bits virtual
power management:

processor	: 1
vendor_id	: AuthenticAMD
cpu family	: 16
model		: 4
model name	: AMD Phenom(tm) II X4 B55 Processor
stepping	: 3
microcode	: 0x1000086
cpu MHz		: 3213.664
cache size	: 512 KB
physical id	: 0
siblings	: 2
core id		: 1
cpu cores	: 2
apicid		: 1
initial apicid	: 1
fpu		: yes
fpu_exception	: yes
cpuid level	: 5
wp		: yes
flags		: fpu vme de pse tsc msr pae mce cx8 apic sep mtrr pge mca cmov pat pse36 clflush mmx fxsr sse sse2 ht syscall nx fxsr_opt rdtscp lm 3dnowext 3dnow rep_good nopl extd_apicid pni lahf_lm cmp_legacy cr8_legacy vmmcall
bugs		: tlb_mmatch apic_c1e fxsave_leak
bogomips	: 6393.11
TLB size	: 1024 4K pages
clflush size	: 64
cache_alignment	: 64
address sizes	: 48 bits physical, 48 bits virtual
power management:



Memory: 4k page, physical 1534944k(171188k free), swap 522236k(521264k free)

vm_info: OpenJDK 64-Bit Server VM (25.45-b02) for linux-amd64 JRE (1.8.0_45-internal-b14), built on Apr 20 2015 00:35:04 by "buildd" with gcc 4.9.2

time: Tue Jul  7 21:09:47 2015
elapsed time: 339 seconds (0d 0h 5m 39s)

